2022-03-19 16:31:38,509 [ERROR] django.request: Internal Server Error: /accounts/login/
Traceback (most recent call last):
  File "C:\Users\henni\Desktop\MangoTang\MangoTang\venv\lib\site-packages\django\template\base.py", line 470, in parse
    compile_func = self.tags[command]
KeyError: 'static'

During handling of the above exception, another exception occurred:

Traceback (most recent call last):
  File "C:\Users\henni\Desktop\MangoTang\MangoTang\venv\lib\site-packages\django\core\handlers\exception.py", line 47, in inner
    response = get_response(request)
  File "C:\Users\henni\Desktop\MangoTang\MangoTang\venv\lib\site-packages\django\core\handlers\base.py", line 204, in _get_response
    response = response.render()
  File "C:\Users\henni\Desktop\MangoTang\MangoTang\venv\lib\site-packages\django\template\response.py", line 105, in render
    self.content = self.rendered_content
  File "C:\Users\henni\Desktop\MangoTang\MangoTang\venv\lib\site-packages\django\template\response.py", line 81, in rendered_content
    template = self.resolve_template(self.template_name)
  File "C:\Users\henni\Desktop\MangoTang\MangoTang\venv\lib\site-packages\django\template\response.py", line 63, in resolve_template
    return select_template(template, using=self.using)
  File "C:\Users\henni\Desktop\MangoTang\MangoTang\venv\lib\site-packages\django\template\loader.py", line 42, in select_template
    return engine.get_template(template_name)
  File "C:\Users\henni\Desktop\MangoTang\MangoTang\venv\lib\site-packages\django\template\backends\django.py", line 34, in get_template
    return Template(self.engine.get_template(template_name), self)
  File "C:\Users\henni\Desktop\MangoTang\MangoTang\venv\lib\site-packages\django\template\engine.py", line 143, in get_template
    template, origin = self.find_template(template_name)
  File "C:\Users\henni\Desktop\MangoTang\MangoTang\venv\lib\site-packages\django\template\engine.py", line 125, in find_template
    template = loader.get_template(name, skip=skip)
  File "C:\Users\henni\Desktop\MangoTang\MangoTang\venv\lib\site-packages\django\template\loaders\base.py", line 29, in get_template
    return Template(
  File "C:\Users\henni\Desktop\MangoTang\MangoTang\venv\lib\site-packages\django\template\base.py", line 155, in __init__
    self.nodelist = self.compile_nodelist()
  File "C:\Users\henni\Desktop\MangoTang\MangoTang\venv\lib\site-packages\django\template\base.py", line 193, in compile_nodelist
    return parser.parse()
  File "C:\Users\henni\Desktop\MangoTang\MangoTang\venv\lib\site-packages\django\template\base.py", line 478, in parse
    raise self.error(token, e)
  File "C:\Users\henni\Desktop\MangoTang\MangoTang\venv\lib\site-packages\django\template\base.py", line 476, in parse
    compiled_result = compile_func(self, token)
  File "C:\Users\henni\Desktop\MangoTang\MangoTang\venv\lib\site-packages\django\template\loader_tags.py", line 278, in do_extends
    nodelist = parser.parse()
  File "C:\Users\henni\Desktop\MangoTang\MangoTang\venv\lib\site-packages\django\template\base.py", line 478, in parse
    raise self.error(token, e)
  File "C:\Users\henni\Desktop\MangoTang\MangoTang\venv\lib\site-packages\django\template\base.py", line 476, in parse
    compiled_result = compile_func(self, token)
  File "C:\Users\henni\Desktop\MangoTang\MangoTang\venv\lib\site-packages\django\template\loader_tags.py", line 216, in do_block
    nodelist = parser.parse(('endblock',))
  File "C:\Users\henni\Desktop\MangoTang\MangoTang\venv\lib\site-packages\django\template\base.py", line 472, in parse
    self.invalid_block_tag(token, command, parse_until)
  File "C:\Users\henni\Desktop\MangoTang\MangoTang\venv\lib\site-packages\django\template\base.py", line 522, in invalid_block_tag
    raise self.error(
django.template.exceptions.TemplateSyntaxError: Invalid block tag on line 60: 'static', expected 'endblock'. Did you forget to register or load this tag?
2022-03-19 17:18:55,584 [ERROR] django.request: Internal Server Error: /accounts/login/
Traceback (most recent call last):
  File "C:\Users\henni\Desktop\MangoTang\MangoTang\venv\lib\site-packages\django\template\base.py", line 470, in parse
    compile_func = self.tags[command]
KeyError: 'get_providers'

During handling of the above exception, another exception occurred:

Traceback (most recent call last):
  File "C:\Users\henni\Desktop\MangoTang\MangoTang\venv\lib\site-packages\django\core\handlers\exception.py", line 47, in inner
    response = get_response(request)
  File "C:\Users\henni\Desktop\MangoTang\MangoTang\venv\lib\site-packages\django\core\handlers\base.py", line 204, in _get_response
    response = response.render()
  File "C:\Users\henni\Desktop\MangoTang\MangoTang\venv\lib\site-packages\django\template\response.py", line 105, in render
    self.content = self.rendered_content
  File "C:\Users\henni\Desktop\MangoTang\MangoTang\venv\lib\site-packages\django\template\response.py", line 81, in rendered_content
    template = self.resolve_template(self.template_name)
  File "C:\Users\henni\Desktop\MangoTang\MangoTang\venv\lib\site-packages\django\template\response.py", line 63, in resolve_template
    return select_template(template, using=self.using)
  File "C:\Users\henni\Desktop\MangoTang\MangoTang\venv\lib\site-packages\django\template\loader.py", line 42, in select_template
    return engine.get_template(template_name)
  File "C:\Users\henni\Desktop\MangoTang\MangoTang\venv\lib\site-packages\django\template\backends\django.py", line 34, in get_template
    return Template(self.engine.get_template(template_name), self)
  File "C:\Users\henni\Desktop\MangoTang\MangoTang\venv\lib\site-packages\django\template\engine.py", line 143, in get_template
    template, origin = self.find_template(template_name)
  File "C:\Users\henni\Desktop\MangoTang\MangoTang\venv\lib\site-packages\django\template\engine.py", line 125, in find_template
    template = loader.get_template(name, skip=skip)
  File "C:\Users\henni\Desktop\MangoTang\MangoTang\venv\lib\site-packages\django\template\loaders\base.py", line 29, in get_template
    return Template(
  File "C:\Users\henni\Desktop\MangoTang\MangoTang\venv\lib\site-packages\django\template\base.py", line 155, in __init__
    self.nodelist = self.compile_nodelist()
  File "C:\Users\henni\Desktop\MangoTang\MangoTang\venv\lib\site-packages\django\template\base.py", line 193, in compile_nodelist
    return parser.parse()
  File "C:\Users\henni\Desktop\MangoTang\MangoTang\venv\lib\site-packages\django\template\base.py", line 478, in parse
    raise self.error(token, e)
  File "C:\Users\henni\Desktop\MangoTang\MangoTang\venv\lib\site-packages\django\template\base.py", line 476, in parse
    compiled_result = compile_func(self, token)
  File "C:\Users\henni\Desktop\MangoTang\MangoTang\venv\lib\site-packages\django\template\loader_tags.py", line 278, in do_extends
    nodelist = parser.parse()
  File "C:\Users\henni\Desktop\MangoTang\MangoTang\venv\lib\site-packages\django\template\base.py", line 478, in parse
    raise self.error(token, e)
  File "C:\Users\henni\Desktop\MangoTang\MangoTang\venv\lib\site-packages\django\template\base.py", line 476, in parse
    compiled_result = compile_func(self, token)
  File "C:\Users\henni\Desktop\MangoTang\MangoTang\venv\lib\site-packages\django\template\loader_tags.py", line 216, in do_block
    nodelist = parser.parse(('endblock',))
  File "C:\Users\henni\Desktop\MangoTang\MangoTang\venv\lib\site-packages\django\template\base.py", line 472, in parse
    self.invalid_block_tag(token, command, parse_until)
  File "C:\Users\henni\Desktop\MangoTang\MangoTang\venv\lib\site-packages\django\template\base.py", line 522, in invalid_block_tag
    raise self.error(
django.template.exceptions.TemplateSyntaxError: Invalid block tag on line 52: 'get_providers', expected 'endblock'. Did you forget to register or load this tag?
2022-03-19 17:32:07,449 [ERROR] django.request: Internal Server Error: /accounts/naver/login/
Traceback (most recent call last):
  File "C:\Users\henni\Desktop\MangoTang\MangoTang\venv\lib\site-packages\django\template\base.py", line 470, in parse
    compile_func = self.tags[command]
KeyError: 'trans'

During handling of the above exception, another exception occurred:

Traceback (most recent call last):
  File "C:\Users\henni\Desktop\MangoTang\MangoTang\venv\lib\site-packages\django\core\handlers\exception.py", line 47, in inner
    response = get_response(request)
  File "C:\Users\henni\Desktop\MangoTang\MangoTang\venv\lib\site-packages\django\core\handlers\base.py", line 181, in _get_response
    response = wrapped_callback(request, *callback_args, **callback_kwargs)
  File "C:\Users\henni\Desktop\MangoTang\MangoTang\venv\lib\site-packages\allauth\socialaccount\providers\oauth2\views.py", line 80, in view
    return self.dispatch(request, *args, **kwargs)
  File "C:\Users\henni\Desktop\MangoTang\MangoTang\venv\lib\site-packages\allauth\socialaccount\providers\base\mixins.py", line 10, in dispatch
    return render(
  File "C:\Users\henni\Desktop\MangoTang\MangoTang\venv\lib\site-packages\django\shortcuts.py", line 19, in render
    content = loader.render_to_string(template_name, context, request, using=using)
  File "C:\Users\henni\Desktop\MangoTang\MangoTang\venv\lib\site-packages\django\template\loader.py", line 61, in render_to_string
    template = get_template(template_name, using=using)
  File "C:\Users\henni\Desktop\MangoTang\MangoTang\venv\lib\site-packages\django\template\loader.py", line 15, in get_template
    return engine.get_template(template_name)
  File "C:\Users\henni\Desktop\MangoTang\MangoTang\venv\lib\site-packages\django\template\backends\django.py", line 34, in get_template
    return Template(self.engine.get_template(template_name), self)
  File "C:\Users\henni\Desktop\MangoTang\MangoTang\venv\lib\site-packages\django\template\engine.py", line 143, in get_template
    template, origin = self.find_template(template_name)
  File "C:\Users\henni\Desktop\MangoTang\MangoTang\venv\lib\site-packages\django\template\engine.py", line 125, in find_template
    template = loader.get_template(name, skip=skip)
  File "C:\Users\henni\Desktop\MangoTang\MangoTang\venv\lib\site-packages\django\template\loaders\base.py", line 29, in get_template
    return Template(
  File "C:\Users\henni\Desktop\MangoTang\MangoTang\venv\lib\site-packages\django\template\base.py", line 155, in __init__
    self.nodelist = self.compile_nodelist()
  File "C:\Users\henni\Desktop\MangoTang\MangoTang\venv\lib\site-packages\django\template\base.py", line 193, in compile_nodelist
    return parser.parse()
  File "C:\Users\henni\Desktop\MangoTang\MangoTang\venv\lib\site-packages\django\template\base.py", line 472, in parse
    self.invalid_block_tag(token, command, parse_until)
  File "C:\Users\henni\Desktop\MangoTang\MangoTang\venv\lib\site-packages\django\template\base.py", line 531, in invalid_block_tag
    raise self.error(
django.template.exceptions.TemplateSyntaxError: Invalid block tag on line 6: 'trans'. Did you forget to register or load this tag?
2022-03-19 17:41:04,063 [ERROR] django.request: Internal Server Error: /accounts/naver/login/
Traceback (most recent call last):
  File "C:\Users\henni\Desktop\MangoTang\MangoTang\venv\lib\site-packages\django\core\handlers\exception.py", line 47, in inner
    response = get_response(request)
  File "C:\Users\henni\Desktop\MangoTang\MangoTang\venv\lib\site-packages\django\core\handlers\base.py", line 181, in _get_response
    response = wrapped_callback(request, *callback_args, **callback_kwargs)
  File "C:\Users\henni\Desktop\MangoTang\MangoTang\venv\lib\site-packages\allauth\socialaccount\providers\oauth2\views.py", line 80, in view
    return self.dispatch(request, *args, **kwargs)
  File "C:\Users\henni\Desktop\MangoTang\MangoTang\venv\lib\site-packages\allauth\socialaccount\providers\base\mixins.py", line 10, in dispatch
    return render(
  File "C:\Users\henni\Desktop\MangoTang\MangoTang\venv\lib\site-packages\django\shortcuts.py", line 19, in render
    content = loader.render_to_string(template_name, context, request, using=using)
  File "C:\Users\henni\Desktop\MangoTang\MangoTang\venv\lib\site-packages\django\template\loader.py", line 61, in render_to_string
    template = get_template(template_name, using=using)
  File "C:\Users\henni\Desktop\MangoTang\MangoTang\venv\lib\site-packages\django\template\loader.py", line 15, in get_template
    return engine.get_template(template_name)
  File "C:\Users\henni\Desktop\MangoTang\MangoTang\venv\lib\site-packages\django\template\backends\django.py", line 34, in get_template
    return Template(self.engine.get_template(template_name), self)
  File "C:\Users\henni\Desktop\MangoTang\MangoTang\venv\lib\site-packages\django\template\engine.py", line 143, in get_template
    template, origin = self.find_template(template_name)
  File "C:\Users\henni\Desktop\MangoTang\MangoTang\venv\lib\site-packages\django\template\engine.py", line 125, in find_template
    template = loader.get_template(name, skip=skip)
  File "C:\Users\henni\Desktop\MangoTang\MangoTang\venv\lib\site-packages\django\template\loaders\base.py", line 29, in get_template
    return Template(
  File "C:\Users\henni\Desktop\MangoTang\MangoTang\venv\lib\site-packages\django\template\base.py", line 155, in __init__
    self.nodelist = self.compile_nodelist()
  File "C:\Users\henni\Desktop\MangoTang\MangoTang\venv\lib\site-packages\django\template\base.py", line 193, in compile_nodelist
    return parser.parse()
  File "C:\Users\henni\Desktop\MangoTang\MangoTang\venv\lib\site-packages\django\template\base.py", line 478, in parse
    raise self.error(token, e)
  File "C:\Users\henni\Desktop\MangoTang\MangoTang\venv\lib\site-packages\django\template\base.py", line 476, in parse
    compiled_result = compile_func(self, token)
  File "C:\Users\henni\Desktop\MangoTang\MangoTang\venv\lib\site-packages\django\template\loader_tags.py", line 278, in do_extends
    nodelist = parser.parse()
  File "C:\Users\henni\Desktop\MangoTang\MangoTang\venv\lib\site-packages\django\template\base.py", line 478, in parse
    raise self.error(token, e)
  File "C:\Users\henni\Desktop\MangoTang\MangoTang\venv\lib\site-packages\django\template\base.py", line 476, in parse
    compiled_result = compile_func(self, token)
  File "C:\Users\henni\Desktop\MangoTang\MangoTang\venv\lib\site-packages\django\template\loader_tags.py", line 216, in do_block
    nodelist = parser.parse(('endblock',))
  File "C:\Users\henni\Desktop\MangoTang\MangoTang\venv\lib\site-packages\django\template\base.py", line 478, in parse
    raise self.error(token, e)
  File "C:\Users\henni\Desktop\MangoTang\MangoTang\venv\lib\site-packages\django\template\base.py", line 476, in parse
    compiled_result = compile_func(self, token)
  File "C:\Users\henni\Desktop\MangoTang\MangoTang\venv\lib\site-packages\django\templatetags\i18n.py", line 536, in do_block_translate
    raise TemplateSyntaxError("%r doesn't allow other block tags (seen %r) inside it" % (bits[0], token.contents))
django.template.exceptions.TemplateSyntaxError: 'blocktrans' doesn't allow other block tags (seen 'csrf_token') inside it
2022-03-21 12:43:50,707 [ERROR] django.request: Internal Server Error: /mypage/orderhistory/
Traceback (most recent call last):
  File "C:\Users\henni\Desktop\MangoTang\MangoTang\venv\lib\site-packages\django\core\handlers\exception.py", line 47, in inner
    response = get_response(request)
  File "C:\Users\henni\Desktop\MangoTang\MangoTang\venv\lib\site-packages\django\core\handlers\base.py", line 181, in _get_response
    response = wrapped_callback(request, *callback_args, **callback_kwargs)
  File "C:\Users\henni\Desktop\MangoTang\MangoTang\venv\lib\site-packages\django\contrib\auth\decorators.py", line 21, in _wrapped_view
    return view_func(request, *args, **kwargs)
  File "C:\Users\henni\Desktop\MangoTang\MangoTang\store\views.py", line 669, in orderhistory
    orderHistory = orderHistory.objects.order_by('-date_completed')
AttributeError: 'QuerySet' object has no attribute 'objects'
2022-03-21 12:44:50,685 [ERROR] django.request: Internal Server Error: /mypage/orderhistory/
Traceback (most recent call last):
  File "C:\Users\henni\Desktop\MangoTang\MangoTang\venv\lib\site-packages\django\core\handlers\exception.py", line 47, in inner
    response = get_response(request)
  File "C:\Users\henni\Desktop\MangoTang\MangoTang\venv\lib\site-packages\django\core\handlers\base.py", line 181, in _get_response
    response = wrapped_callback(request, *callback_args, **callback_kwargs)
  File "C:\Users\henni\Desktop\MangoTang\MangoTang\venv\lib\site-packages\django\contrib\auth\decorators.py", line 21, in _wrapped_view
    return view_func(request, *args, **kwargs)
  File "C:\Users\henni\Desktop\MangoTang\MangoTang\store\views.py", line 668, in orderhistory
    orderHistory = OrderHistory.objects.filter(customer=customer).filter('-date_completed')
  File "C:\Users\henni\Desktop\MangoTang\MangoTang\venv\lib\site-packages\django\db\models\query.py", line 941, in filter
    return self._filter_or_exclude(False, args, kwargs)
  File "C:\Users\henni\Desktop\MangoTang\MangoTang\venv\lib\site-packages\django\db\models\query.py", line 961, in _filter_or_exclude
    clone._filter_or_exclude_inplace(negate, args, kwargs)
  File "C:\Users\henni\Desktop\MangoTang\MangoTang\venv\lib\site-packages\django\db\models\query.py", line 968, in _filter_or_exclude_inplace
    self._query.add_q(Q(*args, **kwargs))
  File "C:\Users\henni\Desktop\MangoTang\MangoTang\venv\lib\site-packages\django\db\models\sql\query.py", line 1393, in add_q
    clause, _ = self._add_q(q_object, self.used_aliases)
  File "C:\Users\henni\Desktop\MangoTang\MangoTang\venv\lib\site-packages\django\db\models\sql\query.py", line 1412, in _add_q
    child_clause, needed_inner = self.build_filter(
  File "C:\Users\henni\Desktop\MangoTang\MangoTang\venv\lib\site-packages\django\db\models\sql\query.py", line 1283, in build_filter
    arg, value = filter_expr
ValueError: too many values to unpack (expected 2)
2022-03-21 12:47:36,308 [ERROR] django.request: Internal Server Error: /mypage/orderhistory/
Traceback (most recent call last):
  File "C:\Users\henni\Desktop\MangoTang\MangoTang\venv\lib\site-packages\django\core\handlers\exception.py", line 47, in inner
    response = get_response(request)
  File "C:\Users\henni\Desktop\MangoTang\MangoTang\venv\lib\site-packages\django\core\handlers\base.py", line 181, in _get_response
    response = wrapped_callback(request, *callback_args, **callback_kwargs)
  File "C:\Users\henni\Desktop\MangoTang\MangoTang\venv\lib\site-packages\django\contrib\auth\decorators.py", line 21, in _wrapped_view
    return view_func(request, *args, **kwargs)
  File "C:\Users\henni\Desktop\MangoTang\MangoTang\store\views.py", line 668, in orderhistory
    orderHistory = OrderHistory.objects.filter(customer=customer,date_completed='-date_completed')
  File "C:\Users\henni\Desktop\MangoTang\MangoTang\venv\lib\site-packages\django\db\models\manager.py", line 85, in manager_method
    return getattr(self.get_queryset(), name)(*args, **kwargs)
  File "C:\Users\henni\Desktop\MangoTang\MangoTang\venv\lib\site-packages\django\db\models\query.py", line 941, in filter
    return self._filter_or_exclude(False, args, kwargs)
  File "C:\Users\henni\Desktop\MangoTang\MangoTang\venv\lib\site-packages\django\db\models\query.py", line 961, in _filter_or_exclude
    clone._filter_or_exclude_inplace(negate, args, kwargs)
  File "C:\Users\henni\Desktop\MangoTang\MangoTang\venv\lib\site-packages\django\db\models\query.py", line 968, in _filter_or_exclude_inplace
    self._query.add_q(Q(*args, **kwargs))
  File "C:\Users\henni\Desktop\MangoTang\MangoTang\venv\lib\site-packages\django\db\models\sql\query.py", line 1393, in add_q
    clause, _ = self._add_q(q_object, self.used_aliases)
  File "C:\Users\henni\Desktop\MangoTang\MangoTang\venv\lib\site-packages\django\db\models\sql\query.py", line 1412, in _add_q
    child_clause, needed_inner = self.build_filter(
  File "C:\Users\henni\Desktop\MangoTang\MangoTang\venv\lib\site-packages\django\db\models\sql\query.py", line 1347, in build_filter
    condition = self.build_lookup(lookups, col, value)
  File "C:\Users\henni\Desktop\MangoTang\MangoTang\venv\lib\site-packages\django\db\models\sql\query.py", line 1193, in build_lookup
    lookup = lookup_class(lhs, rhs)
  File "C:\Users\henni\Desktop\MangoTang\MangoTang\venv\lib\site-packages\django\db\models\lookups.py", line 25, in __init__
    self.rhs = self.get_prep_lookup()
  File "C:\Users\henni\Desktop\MangoTang\MangoTang\venv\lib\site-packages\django\db\models\lookups.py", line 77, in get_prep_lookup
    return self.lhs.output_field.get_prep_value(self.rhs)
  File "C:\Users\henni\Desktop\MangoTang\MangoTang\venv\lib\site-packages\django\db\models\fields\__init__.py", line 1406, in get_prep_value
    value = super().get_prep_value(value)
  File "C:\Users\henni\Desktop\MangoTang\MangoTang\venv\lib\site-packages\django\db\models\fields\__init__.py", line 1266, in get_prep_value
    return self.to_python(value)
  File "C:\Users\henni\Desktop\MangoTang\MangoTang\venv\lib\site-packages\django\db\models\fields\__init__.py", line 1388, in to_python
    raise exceptions.ValidationError(
django.core.exceptions.ValidationError: ['¡°-date_completed¡± value has an invalid format. It must be in YYYY-MM-DD HH:MM[:ss[.uuuuuu]][TZ] format.']
2022-03-21 13:53:53,968 [ERROR] django.request: Internal Server Error: /mypage/orderhistory/
Traceback (most recent call last):
  File "C:\Users\henni\Desktop\MangoTang\MangoTang\venv\lib\site-packages\django\core\handlers\exception.py", line 47, in inner
    response = get_response(request)
  File "C:\Users\henni\Desktop\MangoTang\MangoTang\venv\lib\site-packages\django\core\handlers\base.py", line 181, in _get_response
    response = wrapped_callback(request, *callback_args, **callback_kwargs)
  File "C:\Users\henni\Desktop\MangoTang\MangoTang\venv\lib\site-packages\django\contrib\auth\decorators.py", line 21, in _wrapped_view
    return view_func(request, *args, **kwargs)
  File "C:\Users\henni\Desktop\MangoTang\MangoTang\store\views.py", line 678, in orderhistory
    orderItem.sort('-date_completed')
TypeError: sort() takes no positional arguments
2022-03-21 13:55:01,364 [ERROR] django.request: Internal Server Error: /mypage/orderhistory/
Traceback (most recent call last):
  File "C:\Users\henni\Desktop\MangoTang\MangoTang\venv\lib\site-packages\django\core\handlers\exception.py", line 47, in inner
    response = get_response(request)
  File "C:\Users\henni\Desktop\MangoTang\MangoTang\venv\lib\site-packages\django\core\handlers\base.py", line 181, in _get_response
    response = wrapped_callback(request, *callback_args, **callback_kwargs)
  File "C:\Users\henni\Desktop\MangoTang\MangoTang\venv\lib\site-packages\django\contrib\auth\decorators.py", line 21, in _wrapped_view
    return view_func(request, *args, **kwargs)
  File "C:\Users\henni\Desktop\MangoTang\MangoTang\store\views.py", line 679, in orderhistory
    orderItem = orderItem.objects.order_by('-date_completed')
AttributeError: 'list' object has no attribute 'objects'
2022-03-21 13:55:12,333 [ERROR] django.request: Internal Server Error: /mypage/orderhistory/
Traceback (most recent call last):
  File "C:\Users\henni\Desktop\MangoTang\MangoTang\venv\lib\site-packages\django\core\handlers\exception.py", line 47, in inner
    response = get_response(request)
  File "C:\Users\henni\Desktop\MangoTang\MangoTang\venv\lib\site-packages\django\core\handlers\base.py", line 181, in _get_response
    response = wrapped_callback(request, *callback_args, **callback_kwargs)
  File "C:\Users\henni\Desktop\MangoTang\MangoTang\venv\lib\site-packages\django\contrib\auth\decorators.py", line 21, in _wrapped_view
    return view_func(request, *args, **kwargs)
  File "C:\Users\henni\Desktop\MangoTang\MangoTang\store\views.py", line 679, in orderhistory
    orderItem = orderItem.objects.fitler('-date_completed')
AttributeError: 'list' object has no attribute 'objects'
2022-03-21 13:55:14,039 [ERROR] django.request: Internal Server Error: /mypage/orderhistory/
Traceback (most recent call last):
  File "C:\Users\henni\Desktop\MangoTang\MangoTang\venv\lib\site-packages\django\core\handlers\exception.py", line 47, in inner
    response = get_response(request)
  File "C:\Users\henni\Desktop\MangoTang\MangoTang\venv\lib\site-packages\django\core\handlers\base.py", line 181, in _get_response
    response = wrapped_callback(request, *callback_args, **callback_kwargs)
  File "C:\Users\henni\Desktop\MangoTang\MangoTang\venv\lib\site-packages\django\contrib\auth\decorators.py", line 21, in _wrapped_view
    return view_func(request, *args, **kwargs)
  File "C:\Users\henni\Desktop\MangoTang\MangoTang\store\views.py", line 679, in orderhistory
    orderItem = orderItem.objects.fitler('-date_completed')
AttributeError: 'list' object has no attribute 'objects'
2022-03-21 13:57:45,390 [ERROR] django.request: Internal Server Error: /mypage/orderhistory/
Traceback (most recent call last):
  File "C:\Users\henni\Desktop\MangoTang\MangoTang\venv\lib\site-packages\django\core\handlers\exception.py", line 47, in inner
    response = get_response(request)
  File "C:\Users\henni\Desktop\MangoTang\MangoTang\venv\lib\site-packages\django\core\handlers\base.py", line 181, in _get_response
    response = wrapped_callback(request, *callback_args, **callback_kwargs)
  File "C:\Users\henni\Desktop\MangoTang\MangoTang\venv\lib\site-packages\django\contrib\auth\decorators.py", line 21, in _wrapped_view
    return view_func(request, *args, **kwargs)
  File "C:\Users\henni\Desktop\MangoTang\MangoTang\store\views.py", line 679, in orderhistory
    orderItem = orderItem.objects.filter('-date_completed')
AttributeError: 'list' object has no attribute 'objects'
2022-03-21 17:24:08,401 [ERROR] django.request: Internal Server Error: /register/
Traceback (most recent call last):
  File "C:\Users\henni\Desktop\MangoTang\MangoTang\venv\lib\site-packages\django\core\handlers\exception.py", line 47, in inner
    response = get_response(request)
  File "C:\Users\henni\Desktop\MangoTang\MangoTang\venv\lib\site-packages\django\core\handlers\base.py", line 181, in _get_response
    response = wrapped_callback(request, *callback_args, **callback_kwargs)
  File "C:\Users\henni\Desktop\MangoTang\MangoTang\store\views.py", line 163, in register
    allowPromotions = form.get('allowPromotions')
AttributeError: 'UserForm' object has no attribute 'get'
2022-03-21 17:33:42,686 [ERROR] django.request: Internal Server Error: /register/
Traceback (most recent call last):
  File "C:\Users\henni\Desktop\MangoTang\MangoTang\venv\lib\site-packages\django\core\handlers\exception.py", line 47, in inner
    response = get_response(request)
  File "C:\Users\henni\Desktop\MangoTang\MangoTang\venv\lib\site-packages\django\core\handlers\base.py", line 181, in _get_response
    response = wrapped_callback(request, *callback_args, **callback_kwargs)
  File "C:\Users\henni\Desktop\MangoTang\MangoTang\store\views.py", line 156, in register
    print('df' + f)
TypeError: can only concatenate str (not "BoundField") to str
2022-03-21 17:39:54,748 [ERROR] django.request: Internal Server Error: /
Traceback (most recent call last):
  File "C:\Users\henni\Desktop\MangoTang\MangoTang\store\views.py", line 33, in store
    customer = request.user.customer
  File "C:\Users\henni\Desktop\MangoTang\MangoTang\venv\lib\site-packages\django\utils\functional.py", line 247, in inner
    return func(self._wrapped, *args)
  File "C:\Users\henni\Desktop\MangoTang\MangoTang\venv\lib\site-packages\django\db\models\fields\related_descriptors.py", line 421, in __get__
    raise self.RelatedObjectDoesNotExist(
django.contrib.auth.models.User.customer.RelatedObjectDoesNotExist: User has no customer.

During handling of the above exception, another exception occurred:

Traceback (most recent call last):
  File "C:\Users\henni\Desktop\MangoTang\MangoTang\venv\lib\site-packages\django\core\handlers\exception.py", line 47, in inner
    response = get_response(request)
  File "C:\Users\henni\Desktop\MangoTang\MangoTang\venv\lib\site-packages\django\core\handlers\base.py", line 181, in _get_response
    response = wrapped_callback(request, *callback_args, **callback_kwargs)
  File "C:\Users\henni\Desktop\MangoTang\MangoTang\store\views.py", line 54, in store
    customer.save()
UnboundLocalError: local variable 'customer' referenced before assignment
2022-03-21 17:42:42,856 [ERROR] django.request: Internal Server Error: /
Traceback (most recent call last):
  File "C:\Users\henni\Desktop\MangoTang\MangoTang\store\views.py", line 33, in store
    customer = request.user.customer
  File "C:\Users\henni\Desktop\MangoTang\MangoTang\venv\lib\site-packages\django\utils\functional.py", line 247, in inner
    return func(self._wrapped, *args)
  File "C:\Users\henni\Desktop\MangoTang\MangoTang\venv\lib\site-packages\django\db\models\fields\related_descriptors.py", line 421, in __get__
    raise self.RelatedObjectDoesNotExist(
django.contrib.auth.models.User.customer.RelatedObjectDoesNotExist: User has no customer.

During handling of the above exception, another exception occurred:

Traceback (most recent call last):
  File "C:\Users\henni\Desktop\MangoTang\MangoTang\venv\lib\site-packages\django\core\handlers\exception.py", line 47, in inner
    response = get_response(request)
  File "C:\Users\henni\Desktop\MangoTang\MangoTang\venv\lib\site-packages\django\core\handlers\base.py", line 181, in _get_response
    response = wrapped_callback(request, *callback_args, **callback_kwargs)
  File "C:\Users\henni\Desktop\MangoTang\MangoTang\store\views.py", line 58, in store
    order, created = Order.objects.get_or_create(customer=customer, order_status=False)
UnboundLocalError: local variable 'customer' referenced before assignment
2022-03-21 17:44:05,937 [ERROR] django.request: Internal Server Error: /
Traceback (most recent call last):
  File "C:\Users\henni\Desktop\MangoTang\MangoTang\store\views.py", line 33, in store
    customer = request.user.customer
  File "C:\Users\henni\Desktop\MangoTang\MangoTang\venv\lib\site-packages\django\utils\functional.py", line 247, in inner
    return func(self._wrapped, *args)
  File "C:\Users\henni\Desktop\MangoTang\MangoTang\venv\lib\site-packages\django\db\models\fields\related_descriptors.py", line 421, in __get__
    raise self.RelatedObjectDoesNotExist(
django.contrib.auth.models.User.customer.RelatedObjectDoesNotExist: User has no customer.

During handling of the above exception, another exception occurred:

Traceback (most recent call last):
  File "C:\Users\henni\Desktop\MangoTang\MangoTang\venv\lib\site-packages\django\core\handlers\exception.py", line 47, in inner
    response = get_response(request)
  File "C:\Users\henni\Desktop\MangoTang\MangoTang\venv\lib\site-packages\django\core\handlers\base.py", line 181, in _get_response
    response = wrapped_callback(request, *callback_args, **callback_kwargs)
  File "C:\Users\henni\Desktop\MangoTang\MangoTang\store\views.py", line 41, in store
    print(social.provier)
AttributeError: 'SocialAccount' object has no attribute 'provier'
2022-03-21 17:44:27,908 [ERROR] django.request: Internal Server Error: /
Traceback (most recent call last):
  File "C:\Users\henni\Desktop\MangoTang\MangoTang\store\views.py", line 33, in store
    customer = request.user.customer
  File "C:\Users\henni\Desktop\MangoTang\MangoTang\venv\lib\site-packages\django\utils\functional.py", line 247, in inner
    return func(self._wrapped, *args)
  File "C:\Users\henni\Desktop\MangoTang\MangoTang\venv\lib\site-packages\django\db\models\fields\related_descriptors.py", line 421, in __get__
    raise self.RelatedObjectDoesNotExist(
django.contrib.auth.models.User.customer.RelatedObjectDoesNotExist: User has no customer.

During handling of the above exception, another exception occurred:

Traceback (most recent call last):
  File "C:\Users\henni\Desktop\MangoTang\MangoTang\venv\lib\site-packages\django\core\handlers\exception.py", line 47, in inner
    response = get_response(request)
  File "C:\Users\henni\Desktop\MangoTang\MangoTang\venv\lib\site-packages\django\core\handlers\base.py", line 181, in _get_response
    response = wrapped_callback(request, *callback_args, **callback_kwargs)
  File "C:\Users\henni\Desktop\MangoTang\MangoTang\store\views.py", line 59, in store
    order, created = Order.objects.get_or_create(customer=customer, order_status=False)
UnboundLocalError: local variable 'customer' referenced before assignment
