2022-03-19 16:31:38,509 [ERROR] django.request: Internal Server Error: /accounts/login/
Traceback (most recent call last):
  File "C:\Users\henni\Desktop\MangoTang\MangoTang\venv\lib\site-packages\django\template\base.py", line 470, in parse
    compile_func = self.tags[command]
KeyError: 'static'

During handling of the above exception, another exception occurred:

Traceback (most recent call last):
  File "C:\Users\henni\Desktop\MangoTang\MangoTang\venv\lib\site-packages\django\core\handlers\exception.py", line 47, in inner
    response = get_response(request)
  File "C:\Users\henni\Desktop\MangoTang\MangoTang\venv\lib\site-packages\django\core\handlers\base.py", line 204, in _get_response
    response = response.render()
  File "C:\Users\henni\Desktop\MangoTang\MangoTang\venv\lib\site-packages\django\template\response.py", line 105, in render
    self.content = self.rendered_content
  File "C:\Users\henni\Desktop\MangoTang\MangoTang\venv\lib\site-packages\django\template\response.py", line 81, in rendered_content
    template = self.resolve_template(self.template_name)
  File "C:\Users\henni\Desktop\MangoTang\MangoTang\venv\lib\site-packages\django\template\response.py", line 63, in resolve_template
    return select_template(template, using=self.using)
  File "C:\Users\henni\Desktop\MangoTang\MangoTang\venv\lib\site-packages\django\template\loader.py", line 42, in select_template
    return engine.get_template(template_name)
  File "C:\Users\henni\Desktop\MangoTang\MangoTang\venv\lib\site-packages\django\template\backends\django.py", line 34, in get_template
    return Template(self.engine.get_template(template_name), self)
  File "C:\Users\henni\Desktop\MangoTang\MangoTang\venv\lib\site-packages\django\template\engine.py", line 143, in get_template
    template, origin = self.find_template(template_name)
  File "C:\Users\henni\Desktop\MangoTang\MangoTang\venv\lib\site-packages\django\template\engine.py", line 125, in find_template
    template = loader.get_template(name, skip=skip)
  File "C:\Users\henni\Desktop\MangoTang\MangoTang\venv\lib\site-packages\django\template\loaders\base.py", line 29, in get_template
    return Template(
  File "C:\Users\henni\Desktop\MangoTang\MangoTang\venv\lib\site-packages\django\template\base.py", line 155, in __init__
    self.nodelist = self.compile_nodelist()
  File "C:\Users\henni\Desktop\MangoTang\MangoTang\venv\lib\site-packages\django\template\base.py", line 193, in compile_nodelist
    return parser.parse()
  File "C:\Users\henni\Desktop\MangoTang\MangoTang\venv\lib\site-packages\django\template\base.py", line 478, in parse
    raise self.error(token, e)
  File "C:\Users\henni\Desktop\MangoTang\MangoTang\venv\lib\site-packages\django\template\base.py", line 476, in parse
    compiled_result = compile_func(self, token)
  File "C:\Users\henni\Desktop\MangoTang\MangoTang\venv\lib\site-packages\django\template\loader_tags.py", line 278, in do_extends
    nodelist = parser.parse()
  File "C:\Users\henni\Desktop\MangoTang\MangoTang\venv\lib\site-packages\django\template\base.py", line 478, in parse
    raise self.error(token, e)
  File "C:\Users\henni\Desktop\MangoTang\MangoTang\venv\lib\site-packages\django\template\base.py", line 476, in parse
    compiled_result = compile_func(self, token)
  File "C:\Users\henni\Desktop\MangoTang\MangoTang\venv\lib\site-packages\django\template\loader_tags.py", line 216, in do_block
    nodelist = parser.parse(('endblock',))
  File "C:\Users\henni\Desktop\MangoTang\MangoTang\venv\lib\site-packages\django\template\base.py", line 472, in parse
    self.invalid_block_tag(token, command, parse_until)
  File "C:\Users\henni\Desktop\MangoTang\MangoTang\venv\lib\site-packages\django\template\base.py", line 522, in invalid_block_tag
    raise self.error(
django.template.exceptions.TemplateSyntaxError: Invalid block tag on line 60: 'static', expected 'endblock'. Did you forget to register or load this tag?
2022-03-19 17:18:55,584 [ERROR] django.request: Internal Server Error: /accounts/login/
Traceback (most recent call last):
  File "C:\Users\henni\Desktop\MangoTang\MangoTang\venv\lib\site-packages\django\template\base.py", line 470, in parse
    compile_func = self.tags[command]
KeyError: 'get_providers'

During handling of the above exception, another exception occurred:

Traceback (most recent call last):
  File "C:\Users\henni\Desktop\MangoTang\MangoTang\venv\lib\site-packages\django\core\handlers\exception.py", line 47, in inner
    response = get_response(request)
  File "C:\Users\henni\Desktop\MangoTang\MangoTang\venv\lib\site-packages\django\core\handlers\base.py", line 204, in _get_response
    response = response.render()
  File "C:\Users\henni\Desktop\MangoTang\MangoTang\venv\lib\site-packages\django\template\response.py", line 105, in render
    self.content = self.rendered_content
  File "C:\Users\henni\Desktop\MangoTang\MangoTang\venv\lib\site-packages\django\template\response.py", line 81, in rendered_content
    template = self.resolve_template(self.template_name)
  File "C:\Users\henni\Desktop\MangoTang\MangoTang\venv\lib\site-packages\django\template\response.py", line 63, in resolve_template
    return select_template(template, using=self.using)
  File "C:\Users\henni\Desktop\MangoTang\MangoTang\venv\lib\site-packages\django\template\loader.py", line 42, in select_template
    return engine.get_template(template_name)
  File "C:\Users\henni\Desktop\MangoTang\MangoTang\venv\lib\site-packages\django\template\backends\django.py", line 34, in get_template
    return Template(self.engine.get_template(template_name), self)
  File "C:\Users\henni\Desktop\MangoTang\MangoTang\venv\lib\site-packages\django\template\engine.py", line 143, in get_template
    template, origin = self.find_template(template_name)
  File "C:\Users\henni\Desktop\MangoTang\MangoTang\venv\lib\site-packages\django\template\engine.py", line 125, in find_template
    template = loader.get_template(name, skip=skip)
  File "C:\Users\henni\Desktop\MangoTang\MangoTang\venv\lib\site-packages\django\template\loaders\base.py", line 29, in get_template
    return Template(
  File "C:\Users\henni\Desktop\MangoTang\MangoTang\venv\lib\site-packages\django\template\base.py", line 155, in __init__
    self.nodelist = self.compile_nodelist()
  File "C:\Users\henni\Desktop\MangoTang\MangoTang\venv\lib\site-packages\django\template\base.py", line 193, in compile_nodelist
    return parser.parse()
  File "C:\Users\henni\Desktop\MangoTang\MangoTang\venv\lib\site-packages\django\template\base.py", line 478, in parse
    raise self.error(token, e)
  File "C:\Users\henni\Desktop\MangoTang\MangoTang\venv\lib\site-packages\django\template\base.py", line 476, in parse
    compiled_result = compile_func(self, token)
  File "C:\Users\henni\Desktop\MangoTang\MangoTang\venv\lib\site-packages\django\template\loader_tags.py", line 278, in do_extends
    nodelist = parser.parse()
  File "C:\Users\henni\Desktop\MangoTang\MangoTang\venv\lib\site-packages\django\template\base.py", line 478, in parse
    raise self.error(token, e)
  File "C:\Users\henni\Desktop\MangoTang\MangoTang\venv\lib\site-packages\django\template\base.py", line 476, in parse
    compiled_result = compile_func(self, token)
  File "C:\Users\henni\Desktop\MangoTang\MangoTang\venv\lib\site-packages\django\template\loader_tags.py", line 216, in do_block
    nodelist = parser.parse(('endblock',))
  File "C:\Users\henni\Desktop\MangoTang\MangoTang\venv\lib\site-packages\django\template\base.py", line 472, in parse
    self.invalid_block_tag(token, command, parse_until)
  File "C:\Users\henni\Desktop\MangoTang\MangoTang\venv\lib\site-packages\django\template\base.py", line 522, in invalid_block_tag
    raise self.error(
django.template.exceptions.TemplateSyntaxError: Invalid block tag on line 52: 'get_providers', expected 'endblock'. Did you forget to register or load this tag?
2022-03-19 17:32:07,449 [ERROR] django.request: Internal Server Error: /accounts/naver/login/
Traceback (most recent call last):
  File "C:\Users\henni\Desktop\MangoTang\MangoTang\venv\lib\site-packages\django\template\base.py", line 470, in parse
    compile_func = self.tags[command]
KeyError: 'trans'

During handling of the above exception, another exception occurred:

Traceback (most recent call last):
  File "C:\Users\henni\Desktop\MangoTang\MangoTang\venv\lib\site-packages\django\core\handlers\exception.py", line 47, in inner
    response = get_response(request)
  File "C:\Users\henni\Desktop\MangoTang\MangoTang\venv\lib\site-packages\django\core\handlers\base.py", line 181, in _get_response
    response = wrapped_callback(request, *callback_args, **callback_kwargs)
  File "C:\Users\henni\Desktop\MangoTang\MangoTang\venv\lib\site-packages\allauth\socialaccount\providers\oauth2\views.py", line 80, in view
    return self.dispatch(request, *args, **kwargs)
  File "C:\Users\henni\Desktop\MangoTang\MangoTang\venv\lib\site-packages\allauth\socialaccount\providers\base\mixins.py", line 10, in dispatch
    return render(
  File "C:\Users\henni\Desktop\MangoTang\MangoTang\venv\lib\site-packages\django\shortcuts.py", line 19, in render
    content = loader.render_to_string(template_name, context, request, using=using)
  File "C:\Users\henni\Desktop\MangoTang\MangoTang\venv\lib\site-packages\django\template\loader.py", line 61, in render_to_string
    template = get_template(template_name, using=using)
  File "C:\Users\henni\Desktop\MangoTang\MangoTang\venv\lib\site-packages\django\template\loader.py", line 15, in get_template
    return engine.get_template(template_name)
  File "C:\Users\henni\Desktop\MangoTang\MangoTang\venv\lib\site-packages\django\template\backends\django.py", line 34, in get_template
    return Template(self.engine.get_template(template_name), self)
  File "C:\Users\henni\Desktop\MangoTang\MangoTang\venv\lib\site-packages\django\template\engine.py", line 143, in get_template
    template, origin = self.find_template(template_name)
  File "C:\Users\henni\Desktop\MangoTang\MangoTang\venv\lib\site-packages\django\template\engine.py", line 125, in find_template
    template = loader.get_template(name, skip=skip)
  File "C:\Users\henni\Desktop\MangoTang\MangoTang\venv\lib\site-packages\django\template\loaders\base.py", line 29, in get_template
    return Template(
  File "C:\Users\henni\Desktop\MangoTang\MangoTang\venv\lib\site-packages\django\template\base.py", line 155, in __init__
    self.nodelist = self.compile_nodelist()
  File "C:\Users\henni\Desktop\MangoTang\MangoTang\venv\lib\site-packages\django\template\base.py", line 193, in compile_nodelist
    return parser.parse()
  File "C:\Users\henni\Desktop\MangoTang\MangoTang\venv\lib\site-packages\django\template\base.py", line 472, in parse
    self.invalid_block_tag(token, command, parse_until)
  File "C:\Users\henni\Desktop\MangoTang\MangoTang\venv\lib\site-packages\django\template\base.py", line 531, in invalid_block_tag
    raise self.error(
django.template.exceptions.TemplateSyntaxError: Invalid block tag on line 6: 'trans'. Did you forget to register or load this tag?
2022-03-19 17:41:04,063 [ERROR] django.request: Internal Server Error: /accounts/naver/login/
Traceback (most recent call last):
  File "C:\Users\henni\Desktop\MangoTang\MangoTang\venv\lib\site-packages\django\core\handlers\exception.py", line 47, in inner
    response = get_response(request)
  File "C:\Users\henni\Desktop\MangoTang\MangoTang\venv\lib\site-packages\django\core\handlers\base.py", line 181, in _get_response
    response = wrapped_callback(request, *callback_args, **callback_kwargs)
  File "C:\Users\henni\Desktop\MangoTang\MangoTang\venv\lib\site-packages\allauth\socialaccount\providers\oauth2\views.py", line 80, in view
    return self.dispatch(request, *args, **kwargs)
  File "C:\Users\henni\Desktop\MangoTang\MangoTang\venv\lib\site-packages\allauth\socialaccount\providers\base\mixins.py", line 10, in dispatch
    return render(
  File "C:\Users\henni\Desktop\MangoTang\MangoTang\venv\lib\site-packages\django\shortcuts.py", line 19, in render
    content = loader.render_to_string(template_name, context, request, using=using)
  File "C:\Users\henni\Desktop\MangoTang\MangoTang\venv\lib\site-packages\django\template\loader.py", line 61, in render_to_string
    template = get_template(template_name, using=using)
  File "C:\Users\henni\Desktop\MangoTang\MangoTang\venv\lib\site-packages\django\template\loader.py", line 15, in get_template
    return engine.get_template(template_name)
  File "C:\Users\henni\Desktop\MangoTang\MangoTang\venv\lib\site-packages\django\template\backends\django.py", line 34, in get_template
    return Template(self.engine.get_template(template_name), self)
  File "C:\Users\henni\Desktop\MangoTang\MangoTang\venv\lib\site-packages\django\template\engine.py", line 143, in get_template
    template, origin = self.find_template(template_name)
  File "C:\Users\henni\Desktop\MangoTang\MangoTang\venv\lib\site-packages\django\template\engine.py", line 125, in find_template
    template = loader.get_template(name, skip=skip)
  File "C:\Users\henni\Desktop\MangoTang\MangoTang\venv\lib\site-packages\django\template\loaders\base.py", line 29, in get_template
    return Template(
  File "C:\Users\henni\Desktop\MangoTang\MangoTang\venv\lib\site-packages\django\template\base.py", line 155, in __init__
    self.nodelist = self.compile_nodelist()
  File "C:\Users\henni\Desktop\MangoTang\MangoTang\venv\lib\site-packages\django\template\base.py", line 193, in compile_nodelist
    return parser.parse()
  File "C:\Users\henni\Desktop\MangoTang\MangoTang\venv\lib\site-packages\django\template\base.py", line 478, in parse
    raise self.error(token, e)
  File "C:\Users\henni\Desktop\MangoTang\MangoTang\venv\lib\site-packages\django\template\base.py", line 476, in parse
    compiled_result = compile_func(self, token)
  File "C:\Users\henni\Desktop\MangoTang\MangoTang\venv\lib\site-packages\django\template\loader_tags.py", line 278, in do_extends
    nodelist = parser.parse()
  File "C:\Users\henni\Desktop\MangoTang\MangoTang\venv\lib\site-packages\django\template\base.py", line 478, in parse
    raise self.error(token, e)
  File "C:\Users\henni\Desktop\MangoTang\MangoTang\venv\lib\site-packages\django\template\base.py", line 476, in parse
    compiled_result = compile_func(self, token)
  File "C:\Users\henni\Desktop\MangoTang\MangoTang\venv\lib\site-packages\django\template\loader_tags.py", line 216, in do_block
    nodelist = parser.parse(('endblock',))
  File "C:\Users\henni\Desktop\MangoTang\MangoTang\venv\lib\site-packages\django\template\base.py", line 478, in parse
    raise self.error(token, e)
  File "C:\Users\henni\Desktop\MangoTang\MangoTang\venv\lib\site-packages\django\template\base.py", line 476, in parse
    compiled_result = compile_func(self, token)
  File "C:\Users\henni\Desktop\MangoTang\MangoTang\venv\lib\site-packages\django\templatetags\i18n.py", line 536, in do_block_translate
    raise TemplateSyntaxError("%r doesn't allow other block tags (seen %r) inside it" % (bits[0], token.contents))
django.template.exceptions.TemplateSyntaxError: 'blocktrans' doesn't allow other block tags (seen 'csrf_token') inside it
