2022-03-18 17:10:27,675 [INFO] django.utils.autoreload: Watching for file changes with StatReloader
2022-03-18 17:10:28,771 [INFO] store: info logger
2022-03-18 17:10:28,771 [CRITICAL] store: critical logger
2022-03-18 17:25:47,878 [INFO] django.utils.autoreload: C:\Users\henni\Desktop\MangoTang\MangoTang\MangoTang\settings.py changed, reloading.
2022-03-18 17:25:48,703 [INFO] django.utils.autoreload: Watching for file changes with StatReloader
2022-03-18 17:26:15,751 [INFO] django.utils.autoreload: C:\Users\henni\Desktop\MangoTang\MangoTang\store\views.py changed, reloading.
2022-03-18 17:26:16,977 [INFO] django.utils.autoreload: Watching for file changes with StatReloader
2022-03-18 17:26:18,569 [INFO] store: info logger
2022-03-18 17:26:18,577 [CRITICAL] store: critical logger
2022-03-18 17:26:34,590 [INFO] django.utils.autoreload: C:\Users\henni\Desktop\MangoTang\MangoTang\store\views.py changed, reloading.
2022-03-18 17:26:35,370 [INFO] django.utils.autoreload: Watching for file changes with StatReloader
2022-03-18 17:28:51,590 [INFO] django.utils.autoreload: C:\Users\henni\Desktop\MangoTang\MangoTang\store\views.py changed, reloading.
2022-03-18 17:28:52,543 [INFO] django.utils.autoreload: Watching for file changes with StatReloader
2022-03-18 17:29:39,191 [INFO] django.utils.autoreload: C:\Users\henni\Desktop\MangoTang\MangoTang\store\views.py changed, reloading.
2022-03-18 17:29:40,062 [INFO] django.utils.autoreload: Watching for file changes with StatReloader
2022-03-18 17:29:41,132 [INFO] store.views: info logger
2022-03-18 17:29:41,133 [CRITICAL] store.views: critical logger
2022-03-18 17:32:59,892 [INFO] django.utils.autoreload: C:\Users\henni\Desktop\MangoTang\MangoTang\store\views.py changed, reloading.
2022-03-18 17:33:00,716 [INFO] django.utils.autoreload: Watching for file changes with StatReloader
2022-03-18 17:33:52,064 [INFO] django.utils.autoreload: C:\Users\henni\Desktop\MangoTang\MangoTang\store\views.py changed, reloading.
2022-03-18 17:33:52,854 [INFO] django.utils.autoreload: Watching for file changes with StatReloader
2022-03-18 17:34:12,310 [INFO] django.utils.autoreload: C:\Users\henni\Desktop\MangoTang\MangoTang\store\views.py changed, reloading.
2022-03-18 17:34:13,273 [INFO] django.utils.autoreload: Watching for file changes with StatReloader
2022-03-18 17:36:03,381 [INFO] django.utils.autoreload: C:\Users\henni\Desktop\MangoTang\MangoTang\store\views.py changed, reloading.
2022-03-18 17:36:04,205 [INFO] django.utils.autoreload: Watching for file changes with StatReloader
2022-03-18 17:37:23,326 [INFO] django.utils.autoreload: C:\Users\henni\Desktop\MangoTang\MangoTang\store\views.py changed, reloading.
2022-03-18 17:37:24,230 [INFO] django.utils.autoreload: Watching for file changes with StatReloader
2022-03-18 17:38:15,849 [INFO] django.utils.autoreload: C:\Users\henni\Desktop\MangoTang\MangoTang\store\views.py changed, reloading.
2022-03-18 17:38:16,657 [INFO] django.utils.autoreload: Watching for file changes with StatReloader
2022-03-18 17:39:20,534 [INFO] store.views: info logger
2022-03-18 17:39:20,535 [CRITICAL] store.views: critical logger
2022-03-18 17:39:21,115 [INFO] django.utils.autoreload: C:\Users\henni\Desktop\MangoTang\MangoTang\store\views.py changed, reloading.
2022-03-18 17:39:21,969 [INFO] django.utils.autoreload: Watching for file changes with StatReloader
2022-03-18 17:39:26,072 [INFO] store.views: info logger
2022-03-18 17:39:26,072 [CRITICAL] store.views: critical logger
2022-03-18 17:43:52,628 [INFO] store.views: info logger
2022-03-18 17:43:52,628 [CRITICAL] store.views: critical logger
2022-03-18 17:44:07,361 [INFO] store.views: info logger
2022-03-18 17:44:07,361 [CRITICAL] store.views: critical logger
2022-03-18 17:44:11,691 [INFO] store.views: info logger
2022-03-18 17:44:11,691 [CRITICAL] store.views: critical logger
2022-03-18 17:44:30,423 [WARNING] django.request: Not Found: /product/review//1/
2022-03-18 17:44:30,431 [WARNING] django.request: Not Found: /product/question//1/
2022-03-18 17:44:30,448 [WARNING] django.request: Not Found: /product/review//1/
2022-03-18 17:44:30,463 [WARNING] django.request: Not Found: /product/review//1/
2022-03-18 18:19:06,516 [INFO] django.utils.autoreload: C:\Users\henni\Desktop\MangoTang\MangoTang\store\views.py changed, reloading.
2022-03-18 18:19:07,394 [INFO] django.utils.autoreload: Watching for file changes with StatReloader
2022-03-18 18:19:09,246 [INFO] store.views: info logger
2022-03-18 18:19:09,247 [CRITICAL] store.views: critical logger
2022-03-18 18:19:13,330 [INFO] store.views: info logger
2022-03-18 18:19:13,331 [CRITICAL] store.views: critical logger
2022-03-18 18:19:14,299 [INFO] store.views: info logger
2022-03-18 18:19:14,300 [CRITICAL] store.views: critical logger
2022-03-18 18:19:17,272 [INFO] store.views: info logger
2022-03-18 18:19:17,272 [CRITICAL] store.views: critical logger
2022-03-18 18:19:18,022 [INFO] store.views: info logger
2022-03-18 18:19:18,022 [CRITICAL] store.views: critical logger
2022-03-18 18:19:19,858 [INFO] store.views: info logger
2022-03-18 18:19:19,858 [CRITICAL] store.views: critical logger
2022-03-18 18:19:37,426 [INFO] django.utils.autoreload: C:\Users\henni\Desktop\MangoTang\MangoTang\store\views.py changed, reloading.
2022-03-18 18:19:38,220 [INFO] django.utils.autoreload: Watching for file changes with StatReloader
2022-03-18 18:19:43,851 [INFO] store.views: info logger
2022-03-18 18:19:43,852 [CRITICAL] store.views: critical logger
2022-03-18 18:19:43,948 [ERROR] django.request: Internal Server Error: /
Traceback (most recent call last):
  File "C:\Users\henni\Desktop\MangoTang\MangoTang\venv\lib\site-packages\django\core\handlers\exception.py", line 47, in inner
    response = get_response(request)
  File "C:\Users\henni\Desktop\MangoTang\MangoTang\venv\lib\site-packages\django\core\handlers\base.py", line 181, in _get_response
    response = wrapped_callback(request, *callback_args, **callback_kwargs)
  File "C:\Users\henni\Desktop\MangoTang\MangoTang\store\views.py", line 71, in store
    context = {'products': products, 'carousel': carousel, 'carousel_length': carousel_length, 'cartItems': cartItems}
UnboundLocalError: local variable 'cartItems' referenced before assignment
2022-03-18 18:20:05,995 [INFO] django.utils.autoreload: C:\Users\henni\Desktop\MangoTang\MangoTang\store\views.py changed, reloading.
2022-03-18 18:20:06,801 [INFO] django.utils.autoreload: Watching for file changes with StatReloader
2022-03-18 18:20:26,001 [INFO] django.utils.autoreload: C:\Users\henni\Desktop\MangoTang\MangoTang\store\views.py changed, reloading.
2022-03-18 18:20:27,125 [INFO] django.utils.autoreload: Watching for file changes with StatReloader
2022-03-18 18:20:30,488 [INFO] store.views: info logger
2022-03-18 18:20:30,488 [CRITICAL] store.views: critical logger
2022-03-18 18:20:39,214 [INFO] store.views: info logger
2022-03-18 18:20:39,215 [CRITICAL] store.views: critical logger
2022-03-18 18:20:42,564 [INFO] store.views: info logger
2022-03-18 18:20:42,564 [CRITICAL] store.views: critical logger
2022-03-18 18:21:15,340 [INFO] django.utils.autoreload: C:\Users\henni\Desktop\MangoTang\MangoTang\store\views.py changed, reloading.
2022-03-18 18:21:16,113 [INFO] django.utils.autoreload: Watching for file changes with StatReloader
2022-03-18 18:21:19,154 [INFO] store.views: info logger
2022-03-18 18:21:19,154 [CRITICAL] store.views: critical logger
2022-03-18 18:21:27,214 [INFO] store.views: info logger
2022-03-18 18:21:27,214 [CRITICAL] store.views: critical logger
2022-03-18 18:21:27,422 [ERROR] django.request: Internal Server Error: /
Traceback (most recent call last):
  File "C:\Users\henni\Desktop\MangoTang\MangoTang\store\views.py", line 38, in store
    customer = request.user.customer
  File "C:\Users\henni\Desktop\MangoTang\MangoTang\venv\lib\site-packages\django\utils\functional.py", line 247, in inner
    return func(self._wrapped, *args)
  File "C:\Users\henni\Desktop\MangoTang\MangoTang\venv\lib\site-packages\django\db\models\fields\related_descriptors.py", line 421, in __get__
    raise self.RelatedObjectDoesNotExist(
django.contrib.auth.models.User.customer.RelatedObjectDoesNotExist: User has no customer.

During handling of the above exception, another exception occurred:

Traceback (most recent call last):
  File "C:\Users\henni\Desktop\MangoTang\MangoTang\venv\lib\site-packages\django\core\handlers\exception.py", line 47, in inner
    response = get_response(request)
  File "C:\Users\henni\Desktop\MangoTang\MangoTang\venv\lib\site-packages\django\core\handlers\base.py", line 181, in _get_response
    response = wrapped_callback(request, *callback_args, **callback_kwargs)
  File "C:\Users\henni\Desktop\MangoTang\MangoTang\store\views.py", line 43, in store
    logger.critical(e + ' ------customer')
TypeError: unsupported operand type(s) for +: 'RelatedObjectDoesNotExist' and 'str'
2022-03-18 18:21:39,764 [INFO] django.utils.autoreload: C:\Users\henni\Desktop\MangoTang\MangoTang\store\views.py changed, reloading.
2022-03-18 18:21:41,122 [INFO] django.utils.autoreload: Watching for file changes with StatReloader
2022-03-18 18:21:52,071 [INFO] store.views: info logger
2022-03-18 18:21:52,071 [CRITICAL] store.views: critical logger
2022-03-18 18:21:52,080 [CRITICAL] store.views: User has no customer. ------customer
2022-03-18 18:22:13,012 [INFO] store.views: info logger
2022-03-18 18:22:13,012 [CRITICAL] store.views: critical logger
2022-03-18 18:27:12,248 [INFO] django.utils.autoreload: C:\Users\henni\Desktop\MangoTang\MangoTang\store\views.py changed, reloading.
2022-03-18 18:27:13,309 [INFO] django.utils.autoreload: Watching for file changes with StatReloader
2022-03-18 18:29:22,386 [INFO] django.utils.autoreload: C:\Users\henni\Desktop\MangoTang\MangoTang\store\views.py changed, reloading.
2022-03-18 18:29:23,221 [INFO] django.utils.autoreload: Watching for file changes with StatReloader
2022-03-18 18:37:07,869 [INFO] django.utils.autoreload: C:\Users\henni\Desktop\MangoTang\MangoTang\store\views.py changed, reloading.
2022-03-18 18:37:08,704 [INFO] django.utils.autoreload: Watching for file changes with StatReloader
2022-03-18 18:38:19,301 [INFO] django.utils.autoreload: C:\Users\henni\Desktop\MangoTang\MangoTang\store\views.py changed, reloading.
2022-03-18 18:38:20,081 [INFO] django.utils.autoreload: Watching for file changes with StatReloader
2022-03-18 18:58:13,046 [INFO] django.utils.autoreload: C:\Users\henni\Desktop\MangoTang\MangoTang\store\views.py changed, reloading.
2022-03-18 18:58:14,504 [INFO] django.utils.autoreload: Watching for file changes with StatReloader
2022-03-18 18:58:21,927 [INFO] django.utils.autoreload: C:\Users\henni\Desktop\MangoTang\MangoTang\store\views.py changed, reloading.
2022-03-18 18:58:22,745 [INFO] django.utils.autoreload: Watching for file changes with StatReloader
2022-03-18 18:58:38,680 [INFO] django.utils.autoreload: C:\Users\henni\Desktop\MangoTang\MangoTang\store\views.py changed, reloading.
2022-03-18 18:58:39,515 [INFO] django.utils.autoreload: Watching for file changes with StatReloader
2022-03-18 19:07:23,017 [INFO] django.utils.autoreload: C:\Users\henni\Desktop\MangoTang\MangoTang\store\views.py changed, reloading.
2022-03-18 19:07:24,353 [INFO] django.utils.autoreload: Watching for file changes with StatReloader
2022-03-18 19:07:44,691 [INFO] django.utils.autoreload: C:\Users\henni\Desktop\MangoTang\MangoTang\store\views.py changed, reloading.
2022-03-18 19:07:45,994 [INFO] django.utils.autoreload: Watching for file changes with StatReloader
2022-03-18 19:14:41,936 [INFO] django.utils.autoreload: C:\Users\henni\Desktop\MangoTang\MangoTang\store\views.py changed, reloading.
2022-03-18 19:14:43,070 [INFO] django.utils.autoreload: Watching for file changes with StatReloader
2022-03-18 19:15:11,087 [INFO] django.utils.autoreload: C:\Users\henni\Desktop\MangoTang\MangoTang\store\views.py changed, reloading.
2022-03-18 19:15:12,107 [INFO] django.utils.autoreload: Watching for file changes with StatReloader
2022-03-19 11:08:01,837 [INFO] django.utils.autoreload: Watching for file changes with StatReloader
2022-03-19 11:08:47,010 [INFO] django.utils.autoreload: Watching for file changes with StatReloader
2022-03-19 16:31:30,731 [INFO] django.utils.autoreload: Watching for file changes with StatReloader
2022-03-19 16:31:38,509 [ERROR] django.request: Internal Server Error: /accounts/login/
Traceback (most recent call last):
  File "C:\Users\henni\Desktop\MangoTang\MangoTang\venv\lib\site-packages\django\template\base.py", line 470, in parse
    compile_func = self.tags[command]
KeyError: 'static'

During handling of the above exception, another exception occurred:

Traceback (most recent call last):
  File "C:\Users\henni\Desktop\MangoTang\MangoTang\venv\lib\site-packages\django\core\handlers\exception.py", line 47, in inner
    response = get_response(request)
  File "C:\Users\henni\Desktop\MangoTang\MangoTang\venv\lib\site-packages\django\core\handlers\base.py", line 204, in _get_response
    response = response.render()
  File "C:\Users\henni\Desktop\MangoTang\MangoTang\venv\lib\site-packages\django\template\response.py", line 105, in render
    self.content = self.rendered_content
  File "C:\Users\henni\Desktop\MangoTang\MangoTang\venv\lib\site-packages\django\template\response.py", line 81, in rendered_content
    template = self.resolve_template(self.template_name)
  File "C:\Users\henni\Desktop\MangoTang\MangoTang\venv\lib\site-packages\django\template\response.py", line 63, in resolve_template
    return select_template(template, using=self.using)
  File "C:\Users\henni\Desktop\MangoTang\MangoTang\venv\lib\site-packages\django\template\loader.py", line 42, in select_template
    return engine.get_template(template_name)
  File "C:\Users\henni\Desktop\MangoTang\MangoTang\venv\lib\site-packages\django\template\backends\django.py", line 34, in get_template
    return Template(self.engine.get_template(template_name), self)
  File "C:\Users\henni\Desktop\MangoTang\MangoTang\venv\lib\site-packages\django\template\engine.py", line 143, in get_template
    template, origin = self.find_template(template_name)
  File "C:\Users\henni\Desktop\MangoTang\MangoTang\venv\lib\site-packages\django\template\engine.py", line 125, in find_template
    template = loader.get_template(name, skip=skip)
  File "C:\Users\henni\Desktop\MangoTang\MangoTang\venv\lib\site-packages\django\template\loaders\base.py", line 29, in get_template
    return Template(
  File "C:\Users\henni\Desktop\MangoTang\MangoTang\venv\lib\site-packages\django\template\base.py", line 155, in __init__
    self.nodelist = self.compile_nodelist()
  File "C:\Users\henni\Desktop\MangoTang\MangoTang\venv\lib\site-packages\django\template\base.py", line 193, in compile_nodelist
    return parser.parse()
  File "C:\Users\henni\Desktop\MangoTang\MangoTang\venv\lib\site-packages\django\template\base.py", line 478, in parse
    raise self.error(token, e)
  File "C:\Users\henni\Desktop\MangoTang\MangoTang\venv\lib\site-packages\django\template\base.py", line 476, in parse
    compiled_result = compile_func(self, token)
  File "C:\Users\henni\Desktop\MangoTang\MangoTang\venv\lib\site-packages\django\template\loader_tags.py", line 278, in do_extends
    nodelist = parser.parse()
  File "C:\Users\henni\Desktop\MangoTang\MangoTang\venv\lib\site-packages\django\template\base.py", line 478, in parse
    raise self.error(token, e)
  File "C:\Users\henni\Desktop\MangoTang\MangoTang\venv\lib\site-packages\django\template\base.py", line 476, in parse
    compiled_result = compile_func(self, token)
  File "C:\Users\henni\Desktop\MangoTang\MangoTang\venv\lib\site-packages\django\template\loader_tags.py", line 216, in do_block
    nodelist = parser.parse(('endblock',))
  File "C:\Users\henni\Desktop\MangoTang\MangoTang\venv\lib\site-packages\django\template\base.py", line 472, in parse
    self.invalid_block_tag(token, command, parse_until)
  File "C:\Users\henni\Desktop\MangoTang\MangoTang\venv\lib\site-packages\django\template\base.py", line 522, in invalid_block_tag
    raise self.error(
django.template.exceptions.TemplateSyntaxError: Invalid block tag on line 60: 'static', expected 'endblock'. Did you forget to register or load this tag?
2022-03-19 16:31:38,854 [WARNING] django.request: Not Found: /favicon.ico
2022-03-19 16:38:25,445 [WARNING] django.request: Not Found: /favicon.ico
2022-03-19 16:39:14,358 [WARNING] django.request: Not Found: /favicon.ico
2022-03-19 16:57:16,923 [WARNING] django.request: Not Found: /favicon.ico
2022-03-19 17:04:41,129 [INFO] django.utils.autoreload: C:\Users\henni\Desktop\MangoTang\MangoTang\MangoTang\urls.py changed, reloading.
2022-03-19 17:04:42,043 [INFO] django.utils.autoreload: Watching for file changes with StatReloader
2022-03-19 17:07:59,002 [INFO] django.utils.autoreload: C:\Users\henni\Desktop\MangoTang\MangoTang\MangoTang\settings.py changed, reloading.
2022-03-19 17:07:59,773 [INFO] django.utils.autoreload: Watching for file changes with StatReloader
2022-03-19 17:08:14,460 [INFO] django.utils.autoreload: C:\Users\henni\Desktop\MangoTang\MangoTang\MangoTang\settings.py changed, reloading.
2022-03-19 17:08:15,265 [INFO] django.utils.autoreload: Watching for file changes with StatReloader
2022-03-19 17:10:13,653 [INFO] django.utils.autoreload: C:\Users\henni\Desktop\MangoTang\MangoTang\MangoTang\settings.py changed, reloading.
2022-03-19 17:10:14,664 [INFO] django.utils.autoreload: Watching for file changes with StatReloader
2022-03-19 17:17:30,245 [INFO] django.utils.autoreload: C:\Users\henni\Desktop\MangoTang\MangoTang\MangoTang\urls.py changed, reloading.
2022-03-19 17:17:31,013 [INFO] django.utils.autoreload: Watching for file changes with StatReloader
2022-03-19 17:18:04,418 [INFO] django.utils.autoreload: C:\Users\henni\Desktop\MangoTang\MangoTang\MangoTang\settings.py changed, reloading.
2022-03-19 17:18:05,295 [INFO] django.utils.autoreload: Watching for file changes with StatReloader
2022-03-19 17:18:55,584 [ERROR] django.request: Internal Server Error: /accounts/login/
Traceback (most recent call last):
  File "C:\Users\henni\Desktop\MangoTang\MangoTang\venv\lib\site-packages\django\template\base.py", line 470, in parse
    compile_func = self.tags[command]
KeyError: 'get_providers'

During handling of the above exception, another exception occurred:

Traceback (most recent call last):
  File "C:\Users\henni\Desktop\MangoTang\MangoTang\venv\lib\site-packages\django\core\handlers\exception.py", line 47, in inner
    response = get_response(request)
  File "C:\Users\henni\Desktop\MangoTang\MangoTang\venv\lib\site-packages\django\core\handlers\base.py", line 204, in _get_response
    response = response.render()
  File "C:\Users\henni\Desktop\MangoTang\MangoTang\venv\lib\site-packages\django\template\response.py", line 105, in render
    self.content = self.rendered_content
  File "C:\Users\henni\Desktop\MangoTang\MangoTang\venv\lib\site-packages\django\template\response.py", line 81, in rendered_content
    template = self.resolve_template(self.template_name)
  File "C:\Users\henni\Desktop\MangoTang\MangoTang\venv\lib\site-packages\django\template\response.py", line 63, in resolve_template
    return select_template(template, using=self.using)
  File "C:\Users\henni\Desktop\MangoTang\MangoTang\venv\lib\site-packages\django\template\loader.py", line 42, in select_template
    return engine.get_template(template_name)
  File "C:\Users\henni\Desktop\MangoTang\MangoTang\venv\lib\site-packages\django\template\backends\django.py", line 34, in get_template
    return Template(self.engine.get_template(template_name), self)
  File "C:\Users\henni\Desktop\MangoTang\MangoTang\venv\lib\site-packages\django\template\engine.py", line 143, in get_template
    template, origin = self.find_template(template_name)
  File "C:\Users\henni\Desktop\MangoTang\MangoTang\venv\lib\site-packages\django\template\engine.py", line 125, in find_template
    template = loader.get_template(name, skip=skip)
  File "C:\Users\henni\Desktop\MangoTang\MangoTang\venv\lib\site-packages\django\template\loaders\base.py", line 29, in get_template
    return Template(
  File "C:\Users\henni\Desktop\MangoTang\MangoTang\venv\lib\site-packages\django\template\base.py", line 155, in __init__
    self.nodelist = self.compile_nodelist()
  File "C:\Users\henni\Desktop\MangoTang\MangoTang\venv\lib\site-packages\django\template\base.py", line 193, in compile_nodelist
    return parser.parse()
  File "C:\Users\henni\Desktop\MangoTang\MangoTang\venv\lib\site-packages\django\template\base.py", line 478, in parse
    raise self.error(token, e)
  File "C:\Users\henni\Desktop\MangoTang\MangoTang\venv\lib\site-packages\django\template\base.py", line 476, in parse
    compiled_result = compile_func(self, token)
  File "C:\Users\henni\Desktop\MangoTang\MangoTang\venv\lib\site-packages\django\template\loader_tags.py", line 278, in do_extends
    nodelist = parser.parse()
  File "C:\Users\henni\Desktop\MangoTang\MangoTang\venv\lib\site-packages\django\template\base.py", line 478, in parse
    raise self.error(token, e)
  File "C:\Users\henni\Desktop\MangoTang\MangoTang\venv\lib\site-packages\django\template\base.py", line 476, in parse
    compiled_result = compile_func(self, token)
  File "C:\Users\henni\Desktop\MangoTang\MangoTang\venv\lib\site-packages\django\template\loader_tags.py", line 216, in do_block
    nodelist = parser.parse(('endblock',))
  File "C:\Users\henni\Desktop\MangoTang\MangoTang\venv\lib\site-packages\django\template\base.py", line 472, in parse
    self.invalid_block_tag(token, command, parse_until)
  File "C:\Users\henni\Desktop\MangoTang\MangoTang\venv\lib\site-packages\django\template\base.py", line 522, in invalid_block_tag
    raise self.error(
django.template.exceptions.TemplateSyntaxError: Invalid block tag on line 52: 'get_providers', expected 'endblock'. Did you forget to register or load this tag?
2022-03-19 17:32:07,449 [ERROR] django.request: Internal Server Error: /accounts/naver/login/
Traceback (most recent call last):
  File "C:\Users\henni\Desktop\MangoTang\MangoTang\venv\lib\site-packages\django\template\base.py", line 470, in parse
    compile_func = self.tags[command]
KeyError: 'trans'

During handling of the above exception, another exception occurred:

Traceback (most recent call last):
  File "C:\Users\henni\Desktop\MangoTang\MangoTang\venv\lib\site-packages\django\core\handlers\exception.py", line 47, in inner
    response = get_response(request)
  File "C:\Users\henni\Desktop\MangoTang\MangoTang\venv\lib\site-packages\django\core\handlers\base.py", line 181, in _get_response
    response = wrapped_callback(request, *callback_args, **callback_kwargs)
  File "C:\Users\henni\Desktop\MangoTang\MangoTang\venv\lib\site-packages\allauth\socialaccount\providers\oauth2\views.py", line 80, in view
    return self.dispatch(request, *args, **kwargs)
  File "C:\Users\henni\Desktop\MangoTang\MangoTang\venv\lib\site-packages\allauth\socialaccount\providers\base\mixins.py", line 10, in dispatch
    return render(
  File "C:\Users\henni\Desktop\MangoTang\MangoTang\venv\lib\site-packages\django\shortcuts.py", line 19, in render
    content = loader.render_to_string(template_name, context, request, using=using)
  File "C:\Users\henni\Desktop\MangoTang\MangoTang\venv\lib\site-packages\django\template\loader.py", line 61, in render_to_string
    template = get_template(template_name, using=using)
  File "C:\Users\henni\Desktop\MangoTang\MangoTang\venv\lib\site-packages\django\template\loader.py", line 15, in get_template
    return engine.get_template(template_name)
  File "C:\Users\henni\Desktop\MangoTang\MangoTang\venv\lib\site-packages\django\template\backends\django.py", line 34, in get_template
    return Template(self.engine.get_template(template_name), self)
  File "C:\Users\henni\Desktop\MangoTang\MangoTang\venv\lib\site-packages\django\template\engine.py", line 143, in get_template
    template, origin = self.find_template(template_name)
  File "C:\Users\henni\Desktop\MangoTang\MangoTang\venv\lib\site-packages\django\template\engine.py", line 125, in find_template
    template = loader.get_template(name, skip=skip)
  File "C:\Users\henni\Desktop\MangoTang\MangoTang\venv\lib\site-packages\django\template\loaders\base.py", line 29, in get_template
    return Template(
  File "C:\Users\henni\Desktop\MangoTang\MangoTang\venv\lib\site-packages\django\template\base.py", line 155, in __init__
    self.nodelist = self.compile_nodelist()
  File "C:\Users\henni\Desktop\MangoTang\MangoTang\venv\lib\site-packages\django\template\base.py", line 193, in compile_nodelist
    return parser.parse()
  File "C:\Users\henni\Desktop\MangoTang\MangoTang\venv\lib\site-packages\django\template\base.py", line 472, in parse
    self.invalid_block_tag(token, command, parse_until)
  File "C:\Users\henni\Desktop\MangoTang\MangoTang\venv\lib\site-packages\django\template\base.py", line 531, in invalid_block_tag
    raise self.error(
django.template.exceptions.TemplateSyntaxError: Invalid block tag on line 6: 'trans'. Did you forget to register or load this tag?
2022-03-19 17:41:04,063 [ERROR] django.request: Internal Server Error: /accounts/naver/login/
Traceback (most recent call last):
  File "C:\Users\henni\Desktop\MangoTang\MangoTang\venv\lib\site-packages\django\core\handlers\exception.py", line 47, in inner
    response = get_response(request)
  File "C:\Users\henni\Desktop\MangoTang\MangoTang\venv\lib\site-packages\django\core\handlers\base.py", line 181, in _get_response
    response = wrapped_callback(request, *callback_args, **callback_kwargs)
  File "C:\Users\henni\Desktop\MangoTang\MangoTang\venv\lib\site-packages\allauth\socialaccount\providers\oauth2\views.py", line 80, in view
    return self.dispatch(request, *args, **kwargs)
  File "C:\Users\henni\Desktop\MangoTang\MangoTang\venv\lib\site-packages\allauth\socialaccount\providers\base\mixins.py", line 10, in dispatch
    return render(
  File "C:\Users\henni\Desktop\MangoTang\MangoTang\venv\lib\site-packages\django\shortcuts.py", line 19, in render
    content = loader.render_to_string(template_name, context, request, using=using)
  File "C:\Users\henni\Desktop\MangoTang\MangoTang\venv\lib\site-packages\django\template\loader.py", line 61, in render_to_string
    template = get_template(template_name, using=using)
  File "C:\Users\henni\Desktop\MangoTang\MangoTang\venv\lib\site-packages\django\template\loader.py", line 15, in get_template
    return engine.get_template(template_name)
  File "C:\Users\henni\Desktop\MangoTang\MangoTang\venv\lib\site-packages\django\template\backends\django.py", line 34, in get_template
    return Template(self.engine.get_template(template_name), self)
  File "C:\Users\henni\Desktop\MangoTang\MangoTang\venv\lib\site-packages\django\template\engine.py", line 143, in get_template
    template, origin = self.find_template(template_name)
  File "C:\Users\henni\Desktop\MangoTang\MangoTang\venv\lib\site-packages\django\template\engine.py", line 125, in find_template
    template = loader.get_template(name, skip=skip)
  File "C:\Users\henni\Desktop\MangoTang\MangoTang\venv\lib\site-packages\django\template\loaders\base.py", line 29, in get_template
    return Template(
  File "C:\Users\henni\Desktop\MangoTang\MangoTang\venv\lib\site-packages\django\template\base.py", line 155, in __init__
    self.nodelist = self.compile_nodelist()
  File "C:\Users\henni\Desktop\MangoTang\MangoTang\venv\lib\site-packages\django\template\base.py", line 193, in compile_nodelist
    return parser.parse()
  File "C:\Users\henni\Desktop\MangoTang\MangoTang\venv\lib\site-packages\django\template\base.py", line 478, in parse
    raise self.error(token, e)
  File "C:\Users\henni\Desktop\MangoTang\MangoTang\venv\lib\site-packages\django\template\base.py", line 476, in parse
    compiled_result = compile_func(self, token)
  File "C:\Users\henni\Desktop\MangoTang\MangoTang\venv\lib\site-packages\django\template\loader_tags.py", line 278, in do_extends
    nodelist = parser.parse()
  File "C:\Users\henni\Desktop\MangoTang\MangoTang\venv\lib\site-packages\django\template\base.py", line 478, in parse
    raise self.error(token, e)
  File "C:\Users\henni\Desktop\MangoTang\MangoTang\venv\lib\site-packages\django\template\base.py", line 476, in parse
    compiled_result = compile_func(self, token)
  File "C:\Users\henni\Desktop\MangoTang\MangoTang\venv\lib\site-packages\django\template\loader_tags.py", line 216, in do_block
    nodelist = parser.parse(('endblock',))
  File "C:\Users\henni\Desktop\MangoTang\MangoTang\venv\lib\site-packages\django\template\base.py", line 478, in parse
    raise self.error(token, e)
  File "C:\Users\henni\Desktop\MangoTang\MangoTang\venv\lib\site-packages\django\template\base.py", line 476, in parse
    compiled_result = compile_func(self, token)
  File "C:\Users\henni\Desktop\MangoTang\MangoTang\venv\lib\site-packages\django\templatetags\i18n.py", line 536, in do_block_translate
    raise TemplateSyntaxError("%r doesn't allow other block tags (seen %r) inside it" % (bits[0], token.contents))
django.template.exceptions.TemplateSyntaxError: 'blocktrans' doesn't allow other block tags (seen 'csrf_token') inside it
2022-03-19 17:43:55,574 [INFO] django.utils.autoreload: C:\Users\henni\Desktop\MangoTang\MangoTang\MangoTang\settings.py changed, reloading.
2022-03-19 17:43:56,378 [INFO] django.utils.autoreload: Watching for file changes with StatReloader
2022-03-19 17:44:08,682 [INFO] django.utils.autoreload: C:\Users\henni\Desktop\MangoTang\MangoTang\MangoTang\settings.py changed, reloading.
2022-03-19 17:44:09,457 [INFO] django.utils.autoreload: Watching for file changes with StatReloader
2022-03-21 09:59:25,371 [INFO] django.utils.autoreload: Watching for file changes with StatReloader
2022-03-21 10:39:24,853 [WARNING] django.request: Not Found: /favicon.ico
2022-03-21 10:40:05,365 [INFO] django.utils.autoreload: C:\Users\henni\Desktop\MangoTang\MangoTang\store\views.py changed, reloading.
2022-03-21 10:40:06,287 [INFO] django.utils.autoreload: Watching for file changes with StatReloader
2022-03-21 10:40:12,599 [INFO] django.utils.autoreload: C:\Users\henni\Desktop\MangoTang\MangoTang\store\views.py changed, reloading.
2022-03-21 10:40:13,301 [INFO] django.utils.autoreload: Watching for file changes with StatReloader
2022-03-21 10:41:09,220 [INFO] django.utils.autoreload: C:\Users\henni\Desktop\MangoTang\MangoTang\store\views.py changed, reloading.
2022-03-21 10:41:10,091 [INFO] django.utils.autoreload: Watching for file changes with StatReloader
2022-03-21 11:44:45,038 [INFO] django.utils.autoreload: C:\Users\henni\Desktop\MangoTang\MangoTang\store\views.py changed, reloading.
2022-03-21 11:44:45,777 [INFO] django.utils.autoreload: Watching for file changes with StatReloader
2022-03-21 11:45:04,766 [INFO] django.utils.autoreload: Watching for file changes with StatReloader
2022-03-21 11:45:55,325 [INFO] django.utils.autoreload: C:\Users\henni\Desktop\MangoTang\MangoTang\store\views.py changed, reloading.
2022-03-21 11:45:55,995 [INFO] django.utils.autoreload: Watching for file changes with StatReloader
2022-03-21 12:42:41,312 [INFO] django.utils.autoreload: Watching for file changes with StatReloader
2022-03-21 12:43:18,701 [INFO] django.utils.autoreload: C:\Users\henni\Desktop\MangoTang\MangoTang\store\views.py changed, reloading.
2022-03-21 12:43:20,122 [INFO] django.utils.autoreload: Watching for file changes with StatReloader
2022-03-21 12:43:48,789 [INFO] django.utils.autoreload: C:\Users\henni\Desktop\MangoTang\MangoTang\store\views.py changed, reloading.
2022-03-21 12:43:49,600 [INFO] django.utils.autoreload: Watching for file changes with StatReloader
2022-03-21 12:43:50,707 [ERROR] django.request: Internal Server Error: /mypage/orderhistory/
Traceback (most recent call last):
  File "C:\Users\henni\Desktop\MangoTang\MangoTang\venv\lib\site-packages\django\core\handlers\exception.py", line 47, in inner
    response = get_response(request)
  File "C:\Users\henni\Desktop\MangoTang\MangoTang\venv\lib\site-packages\django\core\handlers\base.py", line 181, in _get_response
    response = wrapped_callback(request, *callback_args, **callback_kwargs)
  File "C:\Users\henni\Desktop\MangoTang\MangoTang\venv\lib\site-packages\django\contrib\auth\decorators.py", line 21, in _wrapped_view
    return view_func(request, *args, **kwargs)
  File "C:\Users\henni\Desktop\MangoTang\MangoTang\store\views.py", line 669, in orderhistory
    orderHistory = orderHistory.objects.order_by('-date_completed')
AttributeError: 'QuerySet' object has no attribute 'objects'
2022-03-21 12:43:51,025 [WARNING] django.request: Not Found: /favicon.ico
2022-03-21 12:44:45,458 [INFO] django.utils.autoreload: C:\Users\henni\Desktop\MangoTang\MangoTang\store\views.py changed, reloading.
2022-03-21 12:44:46,575 [INFO] django.utils.autoreload: Watching for file changes with StatReloader
2022-03-21 12:44:50,685 [ERROR] django.request: Internal Server Error: /mypage/orderhistory/
Traceback (most recent call last):
  File "C:\Users\henni\Desktop\MangoTang\MangoTang\venv\lib\site-packages\django\core\handlers\exception.py", line 47, in inner
    response = get_response(request)
  File "C:\Users\henni\Desktop\MangoTang\MangoTang\venv\lib\site-packages\django\core\handlers\base.py", line 181, in _get_response
    response = wrapped_callback(request, *callback_args, **callback_kwargs)
  File "C:\Users\henni\Desktop\MangoTang\MangoTang\venv\lib\site-packages\django\contrib\auth\decorators.py", line 21, in _wrapped_view
    return view_func(request, *args, **kwargs)
  File "C:\Users\henni\Desktop\MangoTang\MangoTang\store\views.py", line 668, in orderhistory
    orderHistory = OrderHistory.objects.filter(customer=customer).filter('-date_completed')
  File "C:\Users\henni\Desktop\MangoTang\MangoTang\venv\lib\site-packages\django\db\models\query.py", line 941, in filter
    return self._filter_or_exclude(False, args, kwargs)
  File "C:\Users\henni\Desktop\MangoTang\MangoTang\venv\lib\site-packages\django\db\models\query.py", line 961, in _filter_or_exclude
    clone._filter_or_exclude_inplace(negate, args, kwargs)
  File "C:\Users\henni\Desktop\MangoTang\MangoTang\venv\lib\site-packages\django\db\models\query.py", line 968, in _filter_or_exclude_inplace
    self._query.add_q(Q(*args, **kwargs))
  File "C:\Users\henni\Desktop\MangoTang\MangoTang\venv\lib\site-packages\django\db\models\sql\query.py", line 1393, in add_q
    clause, _ = self._add_q(q_object, self.used_aliases)
  File "C:\Users\henni\Desktop\MangoTang\MangoTang\venv\lib\site-packages\django\db\models\sql\query.py", line 1412, in _add_q
    child_clause, needed_inner = self.build_filter(
  File "C:\Users\henni\Desktop\MangoTang\MangoTang\venv\lib\site-packages\django\db\models\sql\query.py", line 1283, in build_filter
    arg, value = filter_expr
ValueError: too many values to unpack (expected 2)
2022-03-21 12:44:56,515 [INFO] django.utils.autoreload: C:\Users\henni\Desktop\MangoTang\MangoTang\store\views.py changed, reloading.
2022-03-21 12:44:57,347 [INFO] django.utils.autoreload: Watching for file changes with StatReloader
2022-03-21 12:46:08,065 [INFO] django.utils.autoreload: C:\Users\henni\Desktop\MangoTang\MangoTang\store\views.py changed, reloading.
2022-03-21 12:46:08,976 [INFO] django.utils.autoreload: Watching for file changes with StatReloader
2022-03-21 12:46:43,595 [INFO] django.utils.autoreload: C:\Users\henni\Desktop\MangoTang\MangoTang\store\views.py changed, reloading.
2022-03-21 12:46:44,389 [INFO] django.utils.autoreload: Watching for file changes with StatReloader
2022-03-21 12:47:29,958 [INFO] django.utils.autoreload: C:\Users\henni\Desktop\MangoTang\MangoTang\store\views.py changed, reloading.
2022-03-21 12:47:30,787 [INFO] django.utils.autoreload: Watching for file changes with StatReloader
2022-03-21 12:47:36,308 [ERROR] django.request: Internal Server Error: /mypage/orderhistory/
Traceback (most recent call last):
  File "C:\Users\henni\Desktop\MangoTang\MangoTang\venv\lib\site-packages\django\core\handlers\exception.py", line 47, in inner
    response = get_response(request)
  File "C:\Users\henni\Desktop\MangoTang\MangoTang\venv\lib\site-packages\django\core\handlers\base.py", line 181, in _get_response
    response = wrapped_callback(request, *callback_args, **callback_kwargs)
  File "C:\Users\henni\Desktop\MangoTang\MangoTang\venv\lib\site-packages\django\contrib\auth\decorators.py", line 21, in _wrapped_view
    return view_func(request, *args, **kwargs)
  File "C:\Users\henni\Desktop\MangoTang\MangoTang\store\views.py", line 668, in orderhistory
    orderHistory = OrderHistory.objects.filter(customer=customer,date_completed='-date_completed')
  File "C:\Users\henni\Desktop\MangoTang\MangoTang\venv\lib\site-packages\django\db\models\manager.py", line 85, in manager_method
    return getattr(self.get_queryset(), name)(*args, **kwargs)
  File "C:\Users\henni\Desktop\MangoTang\MangoTang\venv\lib\site-packages\django\db\models\query.py", line 941, in filter
    return self._filter_or_exclude(False, args, kwargs)
  File "C:\Users\henni\Desktop\MangoTang\MangoTang\venv\lib\site-packages\django\db\models\query.py", line 961, in _filter_or_exclude
    clone._filter_or_exclude_inplace(negate, args, kwargs)
  File "C:\Users\henni\Desktop\MangoTang\MangoTang\venv\lib\site-packages\django\db\models\query.py", line 968, in _filter_or_exclude_inplace
    self._query.add_q(Q(*args, **kwargs))
  File "C:\Users\henni\Desktop\MangoTang\MangoTang\venv\lib\site-packages\django\db\models\sql\query.py", line 1393, in add_q
    clause, _ = self._add_q(q_object, self.used_aliases)
  File "C:\Users\henni\Desktop\MangoTang\MangoTang\venv\lib\site-packages\django\db\models\sql\query.py", line 1412, in _add_q
    child_clause, needed_inner = self.build_filter(
  File "C:\Users\henni\Desktop\MangoTang\MangoTang\venv\lib\site-packages\django\db\models\sql\query.py", line 1347, in build_filter
    condition = self.build_lookup(lookups, col, value)
  File "C:\Users\henni\Desktop\MangoTang\MangoTang\venv\lib\site-packages\django\db\models\sql\query.py", line 1193, in build_lookup
    lookup = lookup_class(lhs, rhs)
  File "C:\Users\henni\Desktop\MangoTang\MangoTang\venv\lib\site-packages\django\db\models\lookups.py", line 25, in __init__
    self.rhs = self.get_prep_lookup()
  File "C:\Users\henni\Desktop\MangoTang\MangoTang\venv\lib\site-packages\django\db\models\lookups.py", line 77, in get_prep_lookup
    return self.lhs.output_field.get_prep_value(self.rhs)
  File "C:\Users\henni\Desktop\MangoTang\MangoTang\venv\lib\site-packages\django\db\models\fields\__init__.py", line 1406, in get_prep_value
    value = super().get_prep_value(value)
  File "C:\Users\henni\Desktop\MangoTang\MangoTang\venv\lib\site-packages\django\db\models\fields\__init__.py", line 1266, in get_prep_value
    return self.to_python(value)
  File "C:\Users\henni\Desktop\MangoTang\MangoTang\venv\lib\site-packages\django\db\models\fields\__init__.py", line 1388, in to_python
    raise exceptions.ValidationError(
django.core.exceptions.ValidationError: ['¡°-date_completed¡± value has an invalid format. It must be in YYYY-MM-DD HH:MM[:ss[.uuuuuu]][TZ] format.']
2022-03-21 13:02:50,245 [INFO] django.utils.autoreload: C:\Users\henni\Desktop\MangoTang\MangoTang\store\views.py changed, reloading.
2022-03-21 13:02:51,523 [INFO] django.utils.autoreload: Watching for file changes with StatReloader
2022-03-21 13:50:19,778 [INFO] django.utils.autoreload: C:\Users\henni\Desktop\MangoTang\MangoTang\store\views.py changed, reloading.
2022-03-21 13:50:20,581 [INFO] django.utils.autoreload: Watching for file changes with StatReloader
2022-03-21 13:53:07,812 [INFO] django.utils.autoreload: C:\Users\henni\Desktop\MangoTang\MangoTang\store\views.py changed, reloading.
2022-03-21 13:53:08,637 [INFO] django.utils.autoreload: Watching for file changes with StatReloader
2022-03-21 13:53:52,036 [INFO] django.utils.autoreload: C:\Users\henni\Desktop\MangoTang\MangoTang\store\views.py changed, reloading.
2022-03-21 13:53:52,829 [INFO] django.utils.autoreload: Watching for file changes with StatReloader
2022-03-21 13:53:53,968 [ERROR] django.request: Internal Server Error: /mypage/orderhistory/
Traceback (most recent call last):
  File "C:\Users\henni\Desktop\MangoTang\MangoTang\venv\lib\site-packages\django\core\handlers\exception.py", line 47, in inner
    response = get_response(request)
  File "C:\Users\henni\Desktop\MangoTang\MangoTang\venv\lib\site-packages\django\core\handlers\base.py", line 181, in _get_response
    response = wrapped_callback(request, *callback_args, **callback_kwargs)
  File "C:\Users\henni\Desktop\MangoTang\MangoTang\venv\lib\site-packages\django\contrib\auth\decorators.py", line 21, in _wrapped_view
    return view_func(request, *args, **kwargs)
  File "C:\Users\henni\Desktop\MangoTang\MangoTang\store\views.py", line 678, in orderhistory
    orderItem.sort('-date_completed')
TypeError: sort() takes no positional arguments
2022-03-21 13:54:06,346 [INFO] django.utils.autoreload: C:\Users\henni\Desktop\MangoTang\MangoTang\store\views.py changed, reloading.
2022-03-21 13:54:07,167 [INFO] django.utils.autoreload: Watching for file changes with StatReloader
2022-03-21 13:54:57,041 [INFO] django.utils.autoreload: C:\Users\henni\Desktop\MangoTang\MangoTang\store\views.py changed, reloading.
2022-03-21 13:54:57,839 [INFO] django.utils.autoreload: Watching for file changes with StatReloader
2022-03-21 13:55:01,364 [ERROR] django.request: Internal Server Error: /mypage/orderhistory/
Traceback (most recent call last):
  File "C:\Users\henni\Desktop\MangoTang\MangoTang\venv\lib\site-packages\django\core\handlers\exception.py", line 47, in inner
    response = get_response(request)
  File "C:\Users\henni\Desktop\MangoTang\MangoTang\venv\lib\site-packages\django\core\handlers\base.py", line 181, in _get_response
    response = wrapped_callback(request, *callback_args, **callback_kwargs)
  File "C:\Users\henni\Desktop\MangoTang\MangoTang\venv\lib\site-packages\django\contrib\auth\decorators.py", line 21, in _wrapped_view
    return view_func(request, *args, **kwargs)
  File "C:\Users\henni\Desktop\MangoTang\MangoTang\store\views.py", line 679, in orderhistory
    orderItem = orderItem.objects.order_by('-date_completed')
AttributeError: 'list' object has no attribute 'objects'
2022-03-21 13:55:10,786 [INFO] django.utils.autoreload: C:\Users\henni\Desktop\MangoTang\MangoTang\store\views.py changed, reloading.
2022-03-21 13:55:11,644 [INFO] django.utils.autoreload: Watching for file changes with StatReloader
2022-03-21 13:55:12,333 [ERROR] django.request: Internal Server Error: /mypage/orderhistory/
Traceback (most recent call last):
  File "C:\Users\henni\Desktop\MangoTang\MangoTang\venv\lib\site-packages\django\core\handlers\exception.py", line 47, in inner
    response = get_response(request)
  File "C:\Users\henni\Desktop\MangoTang\MangoTang\venv\lib\site-packages\django\core\handlers\base.py", line 181, in _get_response
    response = wrapped_callback(request, *callback_args, **callback_kwargs)
  File "C:\Users\henni\Desktop\MangoTang\MangoTang\venv\lib\site-packages\django\contrib\auth\decorators.py", line 21, in _wrapped_view
    return view_func(request, *args, **kwargs)
  File "C:\Users\henni\Desktop\MangoTang\MangoTang\store\views.py", line 679, in orderhistory
    orderItem = orderItem.objects.fitler('-date_completed')
AttributeError: 'list' object has no attribute 'objects'
2022-03-21 13:55:14,039 [ERROR] django.request: Internal Server Error: /mypage/orderhistory/
Traceback (most recent call last):
  File "C:\Users\henni\Desktop\MangoTang\MangoTang\venv\lib\site-packages\django\core\handlers\exception.py", line 47, in inner
    response = get_response(request)
  File "C:\Users\henni\Desktop\MangoTang\MangoTang\venv\lib\site-packages\django\core\handlers\base.py", line 181, in _get_response
    response = wrapped_callback(request, *callback_args, **callback_kwargs)
  File "C:\Users\henni\Desktop\MangoTang\MangoTang\venv\lib\site-packages\django\contrib\auth\decorators.py", line 21, in _wrapped_view
    return view_func(request, *args, **kwargs)
  File "C:\Users\henni\Desktop\MangoTang\MangoTang\store\views.py", line 679, in orderhistory
    orderItem = orderItem.objects.fitler('-date_completed')
AttributeError: 'list' object has no attribute 'objects'
2022-03-21 13:57:41,983 [INFO] django.utils.autoreload: C:\Users\henni\Desktop\MangoTang\MangoTang\store\views.py changed, reloading.
2022-03-21 13:57:42,869 [INFO] django.utils.autoreload: Watching for file changes with StatReloader
2022-03-21 13:57:45,390 [ERROR] django.request: Internal Server Error: /mypage/orderhistory/
Traceback (most recent call last):
  File "C:\Users\henni\Desktop\MangoTang\MangoTang\venv\lib\site-packages\django\core\handlers\exception.py", line 47, in inner
    response = get_response(request)
  File "C:\Users\henni\Desktop\MangoTang\MangoTang\venv\lib\site-packages\django\core\handlers\base.py", line 181, in _get_response
    response = wrapped_callback(request, *callback_args, **callback_kwargs)
  File "C:\Users\henni\Desktop\MangoTang\MangoTang\venv\lib\site-packages\django\contrib\auth\decorators.py", line 21, in _wrapped_view
    return view_func(request, *args, **kwargs)
  File "C:\Users\henni\Desktop\MangoTang\MangoTang\store\views.py", line 679, in orderhistory
    orderItem = orderItem.objects.filter('-date_completed')
AttributeError: 'list' object has no attribute 'objects'
2022-03-21 13:58:44,465 [INFO] django.utils.autoreload: C:\Users\henni\Desktop\MangoTang\MangoTang\store\views.py changed, reloading.
2022-03-21 13:58:45,223 [INFO] django.utils.autoreload: Watching for file changes with StatReloader
2022-03-21 14:28:46,286 [INFO] django.utils.autoreload: C:\Users\henni\Desktop\MangoTang\MangoTang\store\views.py changed, reloading.
2022-03-21 14:28:47,159 [INFO] django.utils.autoreload: Watching for file changes with StatReloader
2022-03-21 14:29:09,145 [INFO] django.utils.autoreload: C:\Users\henni\Desktop\MangoTang\MangoTang\store\views.py changed, reloading.
2022-03-21 14:29:09,980 [INFO] django.utils.autoreload: Watching for file changes with StatReloader
2022-03-21 14:30:41,391 [INFO] django.utils.autoreload: C:\Users\henni\Desktop\MangoTang\MangoTang\store\views.py changed, reloading.
2022-03-21 14:30:42,281 [INFO] django.utils.autoreload: Watching for file changes with StatReloader
2022-03-21 14:38:15,614 [INFO] django.utils.autoreload: C:\Users\henni\Desktop\MangoTang\MangoTang\store\models.py changed, reloading.
2022-03-21 14:38:16,739 [INFO] django.utils.autoreload: Watching for file changes with StatReloader
2022-03-21 14:38:55,095 [INFO] django.utils.autoreload: C:\Users\henni\Desktop\MangoTang\MangoTang\store\models.py changed, reloading.
2022-03-21 14:38:56,059 [INFO] django.utils.autoreload: Watching for file changes with StatReloader
